#
# There is insufficient memory for the Java Runtime Environment to continue.
# Native memory allocation (mmap) failed to map 29360128 bytes. Error detail: G1 virtual space
# Possible reasons:
#   The system is out of physical RAM or swap space
#   This process is running with CompressedOops enabled, and the Java Heap may be blocking the growth of the native heap
# Possible solutions:
#   Reduce memory load on the system
#   Increase physical memory or swap space
#   Check if swap backing store is full
#   Decrease Java heap size (-Xmx/-Xms)
#   Decrease number of Java threads
#   Decrease Java thread stack sizes (-Xss)
#   Set larger code cache with -XX:ReservedCodeCacheSize=
#   JVM is running with Unscaled Compressed Oops mode in which the Java heap is
#     placed in the first 4GB address space. The Java Heap base address is the
#     maximum limit for the native heap growth. Please use -XX:HeapBaseMinAddress
#     to set the Java Heap base and to place the Java Heap above 4GB virtual address.
# This output file may be truncated or incomplete.
#
#  Out of Memory Error (os_windows.cpp:3603), pid=11968, tid=4140
#
# JRE version: OpenJDK Runtime Environment Temurin-21.0.3+9 (21.0.3+9) (build 21.0.3+9-LTS)
# Java VM: OpenJDK 64-Bit Server VM Temurin-21.0.3+9 (21.0.3+9-LTS, mixed mode, emulated-client, tiered, compressed oops, compressed class ptrs, g1 gc, windows-amd64)
# No core dump will be written. Minidumps are not enabled by default on client versions of Windows
#

---------------  S U M M A R Y ------------

Command Line: -Dcom.sun.management.jmxremote -Dcom.sun.management.jmxremote.port=58519 -Dcom.sun.management.jmxremote.authenticate=false -Dcom.sun.management.jmxremote.ssl=false -Djava.rmi.server.hostname=localhost -Dspring.jmx.enabled=true -Dmanagement.endpoints.jmx.exposure.include=* -Dspring.application.admin.enabled=true -XX:TieredStopAtLevel=1 -Dspring.boot.project.name=sunbase -Dfile.encoding=UTF-8 -Dstdout.encoding=UTF-8 -Dstderr.encoding=UTF-8 -XX:+ShowCodeDetailsInExceptionMessages com.rj.sunbase.SunbaseApplication --spring.output.ansi.enabled=always

Host: 11th Gen Intel(R) Core(TM) i3-1115G4 @ 3.00GHz, 4 cores, 7G,  Windows 11 , 64 bit Build 22621 (10.0.22621.3527)
Time: Sat Jul 27 16:17:54 2024 India Standard Time elapsed time: 21.360628 seconds (0d 0h 0m 21s)

---------------  T H R E A D  ---------------

Current thread (0x00000204f59928f0):  VMThread "VM Thread"          [id=4140, stack(0x000000510ab00000,0x000000510ac00000) (1024K)]

Stack: [0x000000510ab00000,0x000000510ac00000]
Native frames: (J=compiled Java code, j=interpreted, Vv=VM code, C=native code)
V  [jvm.dll+0x6c8699]
V  [jvm.dll+0x8a2061]
V  [jvm.dll+0x8a458e]
V  [jvm.dll+0x8a4c63]
V  [jvm.dll+0x27e476]
V  [jvm.dll+0x6c4e15]
V  [jvm.dll+0x6b9b0a]
V  [jvm.dll+0x3523ba]
V  [jvm.dll+0x359f66]
V  [jvm.dll+0x3ab1be]
V  [jvm.dll+0x3ab468]
V  [jvm.dll+0x3265fc]
V  [jvm.dll+0x326687]
V  [jvm.dll+0x36a3cc]
V  [jvm.dll+0x368c08]
V  [jvm.dll+0x325d71]
V  [jvm.dll+0x368638]
V  [jvm.dll+0x8aa56f]
V  [jvm.dll+0x8ab674]
V  [jvm.dll+0x8abbb0]
V  [jvm.dll+0x8abe53]
V  [jvm.dll+0x84bf8b]
V  [jvm.dll+0x6c6dcd]
C  [ucrtbase.dll+0x29333]
C  [KERNEL32.DLL+0x1257d]
C  [ntdll.dll+0x5aa48]

VM_Operation (0x000000510cafd840): G1TryInitiateConcMark, mode: safepoint, requested by thread 0x00000204fc64be60


---------------  P R O C E S S  ---------------

Threads class SMR info:
_java_thread_list=0x00000204fd1d77e0, length=34, elements={
0x00000204e842c060, 0x00000204f5a54eb0, 0x00000204f5a57920, 0x00000204f5a37340,
0x00000204f5a58390, 0x00000204f5a58ee0, 0x00000204f5a59940, 0x00000204f5a26910,
0x00000204f5941200, 0x00000204f5c58160, 0x00000204fa3d08b0, 0x00000204fa4a4f70,
0x00000204fa5dbcb0, 0x00000204fa5e6550, 0x00000204fa5e8ff0, 0x00000204fa5e9660,
0x00000204fa6238d0, 0x00000204fa624340, 0x00000204fa664270, 0x00000204faf83760,
0x00000204faf823b0, 0x00000204faf82a40, 0x00000204faf830d0, 0x00000204fc649d90,
0x00000204fc645bf0, 0x00000204fc646910, 0x00000204fc64d210, 0x00000204fc64be60,
0x00000204fc64a420, 0x00000204fc647630, 0x00000204fc649700, 0x00000204fc64aab0,
0x00000204fc646280, 0x00000204fc646fa0
}

Java Threads: ( => current thread )
  0x00000204e842c060 JavaThread "main"                              [_thread_blocked, id=20052, stack(0x000000510a400000,0x000000510a500000) (1024K)]
  0x00000204f5a54eb0 JavaThread "Reference Handler"          daemon [_thread_blocked, id=23192, stack(0x000000510ac00000,0x000000510ad00000) (1024K)]
  0x00000204f5a57920 JavaThread "Finalizer"                  daemon [_thread_blocked, id=2836, stack(0x000000510ad00000,0x000000510ae00000) (1024K)]
  0x00000204f5a37340 JavaThread "Signal Dispatcher"          daemon [_thread_blocked, id=1708, stack(0x000000510ae00000,0x000000510af00000) (1024K)]
  0x00000204f5a58390 JavaThread "Attach Listener"            daemon [_thread_blocked, id=14328, stack(0x000000510af00000,0x000000510b000000) (1024K)]
  0x00000204f5a58ee0 JavaThread "Service Thread"             daemon [_thread_blocked, id=13932, stack(0x000000510b000000,0x000000510b100000) (1024K)]
  0x00000204f5a59940 JavaThread "Monitor Deflation Thread"   daemon [_thread_blocked, id=9232, stack(0x000000510b100000,0x000000510b200000) (1024K)]
  0x00000204f5a26910 JavaThread "C1 CompilerThread0"         daemon [_thread_blocked, id=18704, stack(0x000000510b200000,0x000000510b300000) (1024K)]
  0x00000204f5941200 JavaThread "Common-Cleaner"             daemon [_thread_blocked, id=11044, stack(0x000000510b300000,0x000000510b400000) (1024K)]
  0x00000204f5c58160 JavaThread "Notification Thread"        daemon [_thread_blocked, id=20636, stack(0x000000510b400000,0x000000510b500000) (1024K)]
  0x00000204fa3d08b0 JavaThread "C1 CompilerThread1"         daemon [_thread_blocked, id=21252, stack(0x000000510b500000,0x000000510b600000) (1024K)]
  0x00000204fa4a4f70 JavaThread "C1 CompilerThread2"         daemon [_thread_blocked, id=17776, stack(0x000000510b600000,0x000000510b700000) (1024K)]
  0x00000204fa5dbcb0 JavaThread "RMI TCP Accept-0"           daemon [_thread_in_native, id=6812, stack(0x000000510ba00000,0x000000510bb00000) (1024K)]
  0x00000204fa5e6550 JavaThread "RMI TCP Accept-58519"       daemon [_thread_in_native, id=17932, stack(0x000000510bb00000,0x000000510bc00000) (1024K)]
  0x00000204fa5e8ff0 JavaThread "RMI TCP Connection(1)-127.0.0.1" daemon [_thread_in_native, id=8920, stack(0x000000510bc00000,0x000000510bd00000) (1024K)]
  0x00000204fa5e9660 JavaThread "RMI Scheduler(0)"           daemon [_thread_blocked, id=22192, stack(0x000000510bd00000,0x000000510be00000) (1024K)]
  0x00000204fa6238d0 JavaThread "RMI TCP Accept-0"           daemon [_thread_in_native, id=11040, stack(0x000000510be00000,0x000000510bf00000) (1024K)]
  0x00000204fa624340 JavaThread "RMI TCP Connection(2)-127.0.0.1" daemon [_thread_in_native, id=7836, stack(0x000000510bf00000,0x000000510c000000) (1024K)]
  0x00000204fa664270 JavaThread "JMX server connection timeout 30" daemon [_thread_blocked, id=9296, stack(0x000000510c000000,0x000000510c100000) (1024K)]
  0x00000204faf83760 JavaThread "Thread-0"                          [_thread_blocked, id=644, stack(0x000000510c100000,0x000000510c200000) (1024K)]
  0x00000204faf823b0 JavaThread "restartedMain"                     [_thread_blocked, id=21468, stack(0x000000510c200000,0x000000510c300000) (1024K)]
  0x00000204faf82a40 JavaThread "mysql-cj-abandoned-connection-cleanup" daemon [_thread_blocked, id=14396, stack(0x000000510c300000,0x000000510c400000) (1024K)]
  0x00000204faf830d0 JavaThread "HikariPool-1 housekeeper"   daemon [_thread_blocked, id=22544, stack(0x000000510c500000,0x000000510c600000) (1024K)]
  0x00000204fc649d90 JavaThread "Catalina-utility-1"                [_thread_blocked, id=14544, stack(0x000000510c700000,0x000000510c800000) (1024K)]
  0x00000204fc645bf0 JavaThread "Catalina-utility-2"                [_thread_blocked, id=19160, stack(0x000000510c800000,0x000000510c900000) (1024K)]
  0x00000204fc646910 JavaThread "container-0"                       [_thread_blocked, id=9688, stack(0x000000510c900000,0x000000510ca00000) (1024K)]
  0x00000204fc64d210 JavaThread "ClassGraph-worker-32"       daemon [_thread_blocked, id=4684, stack(0x000000510c600000,0x000000510c700000) (1024K)]
  0x00000204fc64be60 JavaThread "ClassGraph-worker-33"       daemon [_thread_blocked, id=2272, stack(0x000000510ca00000,0x000000510cb00000) (1024K)]
  0x00000204fc64a420 JavaThread "ClassGraph-worker-34"       daemon [_thread_blocked, id=8200, stack(0x000000510cb00000,0x000000510cc00000) (1024K)]
  0x00000204fc647630 JavaThread "ClassGraph-worker-35"       daemon [_thread_blocked, id=12076, stack(0x000000510cc00000,0x000000510cd00000) (1024K)]
  0x00000204fc649700 JavaThread "ClassGraph-worker-36"       daemon [_thread_blocked, id=10964, stack(0x000000510cd00000,0x000000510ce00000) (1024K)]
  0x00000204fc64aab0 JavaThread "ClassGraph-worker-37"       daemon [_thread_blocked, id=2416, stack(0x000000510ce00000,0x000000510cf00000) (1024K)]
  0x00000204fc646280 JavaThread "ClassGraph-worker-38"       daemon [_thread_blocked, id=22304, stack(0x000000510cf00000,0x000000510d000000) (1024K)]
  0x00000204fc646fa0 JavaThread "ClassGraph-worker-39"       daemon [_thread_blocked, id=21540, stack(0x000000510d000000,0x000000510d100000) (1024K)]
Total: 34

Other Threads:
=>0x00000204f59928f0 VMThread "VM Thread"                           [id=4140, stack(0x000000510ab00000,0x000000510ac00000) (1024K)]
  0x00000204f59408a0 WatcherThread "VM Periodic Task Thread"        [id=21952, stack(0x000000510aa00000,0x000000510ab00000) (1024K)]
  0x00000204e858f840 WorkerThread "GC Thread#0"                     [id=18392, stack(0x000000510a500000,0x000000510a600000) (1024K)]
  0x00000204fa4b1b60 WorkerThread "GC Thread#1"                     [id=22768, stack(0x000000510b700000,0x000000510b800000) (1024K)]
  0x00000204fa4cd2d0 WorkerThread "GC Thread#2"                     [id=17308, stack(0x000000510b800000,0x000000510b900000) (1024K)]
  0x00000204fa4d1e90 WorkerThread "GC Thread#3"                     [id=3104, stack(0x000000510b900000,0x000000510ba00000) (1024K)]
  0x00000204e85a00a0 ConcurrentGCThread "G1 Main Marker"            [id=15152, stack(0x000000510a600000,0x000000510a700000) (1024K)]
  0x00000204e85a0ba0 WorkerThread "G1 Conc#0"                       [id=21944, stack(0x000000510a700000,0x000000510a800000) (1024K)]
  0x00000204e85ed800 ConcurrentGCThread "G1 Refine#0"               [id=14016, stack(0x000000510a800000,0x000000510a900000) (1024K)]
  0x00000204e85ee370 ConcurrentGCThread "G1 Service"                [id=2568, stack(0x000000510a900000,0x000000510aa00000) (1024K)]
Total: 10

Threads with active compile tasks:
Total: 0

VM state: at safepoint (normal execution)

VM Mutex/Monitor currently owned by a thread:  ([mutex/lock_event])
[0x00007ff987832128] Threads_lock - owner thread: 0x00000204f59928f0
[0x00007ff987832228] Heap_lock - owner thread: 0x00000204fc64be60

Heap address: 0x0000000084000000, size: 1984 MB, Compressed Oops mode: 32-bit

CDS archive(s) not mapped
Compressed class space mapped at: 0x0000000100000000-0x0000000140000000, reserved size: 1073741824
Narrow klass base: 0x0000000000000000, Narrow klass shift: 3, Narrow klass range: 0x140000000

GC Precious Log:
 CardTable entry size: 512
 Card Set container configuration: InlinePtr #cards 5 size 8 Array Of Cards #cards 12 size 40 Howl #buckets 4 coarsen threshold 1843 Howl Bitmap #cards 512 size 80 coarsen threshold 460 Card regions per heap region 1 cards per card region 2048
 CPUs: 4 total, 4 available
 Memory: 7932M
 Large Page Support: Disabled
 NUMA Support: Disabled
 Compressed Oops: Enabled (32-bit)
 Heap Region Size: 1M
 Heap Min Capacity: 8M
 Heap Initial Capacity: 124M
 Heap Max Capacity: 1984M
 Pre-touch: Disabled
 Parallel Workers: 4
 Concurrent Workers: 1
 Concurrent Refinement Workers: 4
 Periodic GC: Disabled

Heap:
 garbage-first heap   total 76800K, used 54781K [0x0000000084000000, 0x0000000100000000)
  region size 1024K, 3 young (3072K), 3 survivors (3072K)
 Metaspace       used 77572K, committed 78272K, reserved 1179648K
  class space    used 10304K, committed 10624K, reserved 1048576K

Heap Regions: E=young(eden), S=young(survivor), O=old, HS=humongous(starts), HC=humongous(continues), CS=collection set, F=free, TAMS=top-at-mark-start, PB=parsable bottom
|   0|0x0000000084000000, 0x0000000084100000, 0x0000000084100000|100%|HS|  |TAMS 0x0000000084100000| PB 0x0000000084000000| Complete 
|   1|0x0000000084100000, 0x0000000084200000, 0x0000000084200000|100%| O|  |TAMS 0x0000000084200000| PB 0x0000000084100000| Untracked 
|   2|0x0000000084200000, 0x0000000084300000, 0x0000000084300000|100%| O|  |TAMS 0x0000000084300000| PB 0x0000000084200000| Untracked 
|   3|0x0000000084300000, 0x0000000084400000, 0x0000000084400000|100%| O|  |TAMS 0x0000000084400000| PB 0x0000000084300000| Untracked 
|   4|0x0000000084400000, 0x0000000084500000, 0x0000000084500000|100%| O|  |TAMS 0x0000000084500000| PB 0x0000000084400000| Untracked 
|   5|0x0000000084500000, 0x0000000084600000, 0x0000000084600000|100%| O|  |TAMS 0x0000000084600000| PB 0x0000000084500000| Untracked 
|   6|0x0000000084600000, 0x0000000084700000, 0x0000000084700000|100%| O|  |TAMS 0x0000000084700000| PB 0x0000000084600000| Untracked 
|   7|0x0000000084700000, 0x0000000084800000, 0x0000000084800000|100%| O|  |TAMS 0x0000000084800000| PB 0x0000000084700000| Untracked 
|   8|0x0000000084800000, 0x0000000084900000, 0x0000000084900000|100%| O|  |TAMS 0x0000000084900000| PB 0x0000000084800000| Untracked 
|   9|0x0000000084900000, 0x0000000084a00000, 0x0000000084a00000|100%| O|  |TAMS 0x0000000084a00000| PB 0x0000000084900000| Untracked 
|  10|0x0000000084a00000, 0x0000000084b00000, 0x0000000084b00000|100%| O|  |TAMS 0x0000000084b00000| PB 0x0000000084a00000| Untracked 
|  11|0x0000000084b00000, 0x0000000084c00000, 0x0000000084c00000|100%| O|  |TAMS 0x0000000084c00000| PB 0x0000000084b00000| Untracked 
|  12|0x0000000084c00000, 0x0000000084d00000, 0x0000000084d00000|100%| O|  |TAMS 0x0000000084d00000| PB 0x0000000084c00000| Untracked 
|  13|0x0000000084d00000, 0x0000000084e00000, 0x0000000084e00000|100%| O|  |TAMS 0x0000000084e00000| PB 0x0000000084d00000| Untracked 
|  14|0x0000000084e00000, 0x0000000084f00000, 0x0000000084f00000|100%| O|  |TAMS 0x0000000084f00000| PB 0x0000000084e00000| Untracked 
|  15|0x0000000084f00000, 0x0000000085000000, 0x0000000085000000|100%| O|  |TAMS 0x0000000085000000| PB 0x0000000084f00000| Untracked 
|  16|0x0000000085000000, 0x0000000085100000, 0x0000000085100000|100%| O|  |TAMS 0x0000000085100000| PB 0x0000000085000000| Untracked 
|  17|0x0000000085100000, 0x0000000085200000, 0x0000000085200000|100%| O|  |TAMS 0x0000000085200000| PB 0x0000000085100000| Untracked 
|  18|0x0000000085200000, 0x0000000085300000, 0x0000000085300000|100%| O|  |TAMS 0x0000000085300000| PB 0x0000000085200000| Untracked 
|  19|0x0000000085300000, 0x0000000085400000, 0x0000000085400000|100%| O|  |TAMS 0x0000000085400000| PB 0x0000000085300000| Untracked 
|  20|0x0000000085400000, 0x0000000085500000, 0x0000000085500000|100%| O|  |TAMS 0x0000000085500000| PB 0x0000000085400000| Untracked 
|  21|0x0000000085500000, 0x0000000085600000, 0x0000000085600000|100%| O|  |TAMS 0x0000000085600000| PB 0x0000000085500000| Untracked 
|  22|0x0000000085600000, 0x0000000085700000, 0x0000000085700000|100%| O|  |TAMS 0x0000000085700000| PB 0x0000000085600000| Untracked 
|  23|0x0000000085700000, 0x0000000085800000, 0x0000000085800000|100%| O|  |TAMS 0x0000000085800000| PB 0x0000000085700000| Untracked 
|  24|0x0000000085800000, 0x0000000085900000, 0x0000000085900000|100%| O|  |TAMS 0x0000000085900000| PB 0x0000000085800000| Untracked 
|  25|0x0000000085900000, 0x0000000085a00000, 0x0000000085a00000|100%| O|  |TAMS 0x0000000085a00000| PB 0x0000000085900000| Untracked 
|  26|0x0000000085a00000, 0x0000000085b00000, 0x0000000085b00000|100%| O|  |TAMS 0x0000000085b00000| PB 0x0000000085a00000| Untracked 
|  27|0x0000000085b00000, 0x0000000085c00000, 0x0000000085c00000|100%| O|  |TAMS 0x0000000085c00000| PB 0x0000000085b00000| Untracked 
|  28|0x0000000085c00000, 0x0000000085d00000, 0x0000000085d00000|100%| O|  |TAMS 0x0000000085d00000| PB 0x0000000085c00000| Untracked 
|  29|0x0000000085d00000, 0x0000000085e00000, 0x0000000085e00000|100%| O|  |TAMS 0x0000000085e00000| PB 0x0000000085d00000| Untracked 
|  30|0x0000000085e00000, 0x0000000085f00000, 0x0000000085f00000|100%| O|  |TAMS 0x0000000085f00000| PB 0x0000000085e00000| Untracked 
|  31|0x0000000085f00000, 0x0000000086000000, 0x0000000086000000|100%| O|  |TAMS 0x0000000085f00000| PB 0x0000000085f00000| Untracked 
|  32|0x0000000086000000, 0x0000000086100000, 0x0000000086100000|100%| O|  |TAMS 0x0000000086100000| PB 0x0000000086000000| Untracked 
|  33|0x0000000086100000, 0x0000000086200000, 0x0000000086200000|100%| O|  |TAMS 0x0000000086200000| PB 0x0000000086100000| Untracked 
|  34|0x0000000086200000, 0x0000000086300000, 0x0000000086300000|100%| O|  |TAMS 0x0000000086300000| PB 0x0000000086200000| Untracked 
|  35|0x0000000086300000, 0x0000000086400000, 0x0000000086400000|100%| O|  |TAMS 0x0000000086400000| PB 0x0000000086300000| Untracked 
|  36|0x0000000086400000, 0x0000000086500000, 0x0000000086500000|100%| O|  |TAMS 0x0000000086500000| PB 0x0000000086400000| Untracked 
|  37|0x0000000086500000, 0x0000000086600000, 0x0000000086600000|100%| O|  |TAMS 0x0000000086600000| PB 0x0000000086500000| Untracked 
|  38|0x0000000086600000, 0x0000000086700000, 0x0000000086700000|100%| O|  |TAMS 0x0000000086700000| PB 0x0000000086600000| Untracked 
|  39|0x0000000086700000, 0x0000000086800000, 0x0000000086800000|100%| O|  |TAMS 0x0000000086800000| PB 0x0000000086700000| Untracked 
|  40|0x0000000086800000, 0x0000000086900000, 0x0000000086900000|100%| O|  |TAMS 0x0000000086900000| PB 0x0000000086800000| Untracked 
|  41|0x0000000086900000, 0x0000000086a00000, 0x0000000086a00000|100%| O|  |TAMS 0x0000000086a00000| PB 0x0000000086900000| Untracked 
|  42|0x0000000086a00000, 0x0000000086b00000, 0x0000000086b00000|100%| O|  |TAMS 0x0000000086b00000| PB 0x0000000086a00000| Untracked 
|  43|0x0000000086b00000, 0x0000000086c00000, 0x0000000086c00000|100%| O|  |TAMS 0x0000000086b00000| PB 0x0000000086b00000| Untracked 
|  44|0x0000000086c00000, 0x0000000086d00000, 0x0000000086d00000|100%| O|  |TAMS 0x0000000086c00000| PB 0x0000000086c00000| Untracked 
|  45|0x0000000086d00000, 0x0000000086d7f650, 0x0000000086e00000| 49%| O|  |TAMS 0x0000000086d00000| PB 0x0000000086d00000| Untracked 
|  46|0x0000000086e00000, 0x0000000086e00000, 0x0000000086f00000|  0%| F|  |TAMS 0x0000000086e00000| PB 0x0000000086e00000| Untracked 
|  47|0x0000000086f00000, 0x0000000087000000, 0x0000000087000000|100%| O|  |TAMS 0x0000000087000000| PB 0x0000000086f00000| Untracked 
|  48|0x0000000087000000, 0x0000000087100000, 0x0000000087100000|100%| O|  |TAMS 0x0000000087100000| PB 0x0000000087000000| Untracked 
|  49|0x0000000087100000, 0x0000000087200000, 0x0000000087200000|100%| O|  |TAMS 0x0000000087200000| PB 0x0000000087100000| Untracked 
|  50|0x0000000087200000, 0x0000000087300000, 0x0000000087300000|100%| O|  |TAMS 0x0000000087300000| PB 0x0000000087200000| Untracked 
|  51|0x0000000087300000, 0x0000000087400000, 0x0000000087400000|100%| O|  |TAMS 0x000000008731af98| PB 0x0000000087300000| Untracked 
|  52|0x0000000087400000, 0x0000000087400000, 0x0000000087500000|  0%| F|  |TAMS 0x0000000087400000| PB 0x0000000087400000| Untracked 
|  53|0x0000000087500000, 0x0000000087500000, 0x0000000087600000|  0%| F|  |TAMS 0x0000000087500000| PB 0x0000000087500000| Untracked 
|  54|0x0000000087600000, 0x0000000087600000, 0x0000000087700000|  0%| F|  |TAMS 0x0000000087600000| PB 0x0000000087600000| Untracked 
|  55|0x0000000087700000, 0x0000000087700000, 0x0000000087800000|  0%| F|  |TAMS 0x0000000087700000| PB 0x0000000087700000| Untracked 
|  56|0x0000000087800000, 0x0000000087800000, 0x0000000087900000|  0%| F|  |TAMS 0x0000000087800000| PB 0x0000000087800000| Untracked 
|  57|0x0000000087900000, 0x0000000087900000, 0x0000000087a00000|  0%| F|  |TAMS 0x0000000087900000| PB 0x0000000087900000| Untracked 
|  58|0x0000000087a00000, 0x0000000087a00000, 0x0000000087b00000|  0%| F|  |TAMS 0x0000000087a00000| PB 0x0000000087a00000| Untracked 
|  59|0x0000000087b00000, 0x0000000087b00000, 0x0000000087c00000|  0%| F|  |TAMS 0x0000000087b00000| PB 0x0000000087b00000| Untracked 
|  60|0x0000000087c00000, 0x0000000087c00000, 0x0000000087d00000|  0%| F|  |TAMS 0x0000000087c00000| PB 0x0000000087c00000| Untracked 
|  61|0x0000000087d00000, 0x0000000087e00000, 0x0000000087e00000|100%| S|CS|TAMS 0x0000000087d00000| PB 0x0000000087d00000| Complete 
|  62|0x0000000087e00000, 0x0000000087f00000, 0x0000000087f00000|100%| S|CS|TAMS 0x0000000087e00000| PB 0x0000000087e00000| Complete 
|  63|0x0000000087f00000, 0x0000000088000000, 0x0000000088000000|100%| S|CS|TAMS 0x0000000087f00000| PB 0x0000000087f00000| Complete 
|  64|0x0000000088000000, 0x0000000088000000, 0x0000000088100000|  0%| F|  |TAMS 0x0000000088000000| PB 0x0000000088000000| Untracked 
|  65|0x0000000088100000, 0x0000000088100000, 0x0000000088200000|  0%| F|  |TAMS 0x0000000088100000| PB 0x0000000088100000| Untracked 
|  66|0x0000000088200000, 0x0000000088200000, 0x0000000088300000|  0%| F|  |TAMS 0x0000000088200000| PB 0x0000000088200000| Untracked 
|  67|0x0000000088300000, 0x0000000088300000, 0x0000000088400000|  0%| F|  |TAMS 0x0000000088300000| PB 0x0000000088300000| Untracked 
|  68|0x0000000088400000, 0x0000000088400000, 0x0000000088500000|  0%| F|  |TAMS 0x0000000088400000| PB 0x0000000088400000| Untracked 
|  69|0x0000000088500000, 0x0000000088500000, 0x0000000088600000|  0%| F|  |TAMS 0x0000000088500000| PB 0x0000000088500000| Untracked 
|  98|0x000000008a200000, 0x000000008a200000, 0x000000008a300000|  0%| F|  |TAMS 0x000000008a200000| PB 0x000000008a200000| Untracked 
|  99|0x000000008a300000, 0x000000008a300000, 0x000000008a400000|  0%| F|  |TAMS 0x000000008a300000| PB 0x000000008a300000| Untracked 
| 100|0x000000008a400000, 0x000000008a400000, 0x000000008a500000|  0%| F|  |TAMS 0x000000008a400000| PB 0x000000008a400000| Untracked 
| 101|0x000000008a500000, 0x000000008a500000, 0x000000008a600000|  0%| F|  |TAMS 0x000000008a500000| PB 0x000000008a500000| Untracked 
| 123|0x000000008bb00000, 0x000000008bb00000, 0x000000008bc00000|  0%| F|  |TAMS 0x000000008bb00000| PB 0x000000008bb00000| Untracked 

Card table byte_map: [0x00000204f1060000,0x00000204f1440000] _byte_map_base: 0x00000204f0c40000

Marking Bits: (CMBitMap*) 0x00000204e858ff40
 Bits: [0x00000204f1440000, 0x00000204f3340000)

Polling page: 0x00000204e83b0000

Metaspace:

Usage:
  Non-class:     65.69 MB used.
      Class:     10.06 MB used.
       Both:     75.75 MB used.

Virtual space:
  Non-class space:      128.00 MB reserved,      66.06 MB ( 52%) committed,  2 nodes.
      Class space:        1.00 GB reserved,      10.38 MB (  1%) committed,  1 nodes.
             Both:        1.12 GB reserved,      76.44 MB (  7%) committed. 

Chunk freelists:
   Non-Class:  13.95 MB
       Class:  5.45 MB
        Both:  19.41 MB

MaxMetaspaceSize: unlimited
CompressedClassSpaceSize: 1.00 GB
Initial GC threshold: 21.00 MB
Current GC threshold: 127.44 MB
CDS: off
 - commit_granule_bytes: 65536.
 - commit_granule_words: 8192.
 - virtual_space_node_default_size: 8388608.
 - enlarge_chunks_in_place: 1.
 - use_allocation_guard: 0.


Internal statistics:

num_allocs_failed_limit: 6.
num_arena_births: 1054.
num_arena_deaths: 54.
num_vsnodes_births: 3.
num_vsnodes_deaths: 0.
num_space_committed: 1223.
num_space_uncommitted: 0.
num_chunks_returned_to_freelist: 75.
num_chunks_taken_from_freelist: 3437.
num_chunk_merges: 27.
num_chunk_splits: 2437.
num_chunks_enlarged: 1864.
num_inconsistent_stats: 0.

CodeCache: size=49152Kb used=12605Kb max_used=12605Kb free=36547Kb
 bounds [0x00000204ed7e0000, 0x00000204ee430000, 0x00000204f07e0000]
 total_blobs=6856 nmethods=6145 adapters=633
 compilation: enabled
              stopped_count=0, restarted_count=0
 full_count=0

Compilation events (20 events):
Event: 21.303 Thread 0x00000204fa3d08b0 6239       1       java.util.List::of (64 bytes)
Event: 21.303 Thread 0x00000204fa3d08b0 nmethod 6239 0x00000204ee423490 code [0x00000204ee4236a0, 0x00000204ee423c60]
Event: 21.306 Thread 0x00000204fa3d08b0 6240       1       java.lang.module.ModuleReference::location (8 bytes)
Event: 21.306 Thread 0x00000204fa3d08b0 nmethod 6240 0x00000204ee423e90 code [0x00000204ee424020, 0x00000204ee4241a0]
Event: 21.311 Thread 0x00000204fa4a4f70 6241       1       java.util.ComparableTimSort::mergeCollapse (134 bytes)
Event: 21.312 Thread 0x00000204fa4a4f70 nmethod 6241 0x00000204ee424210 code [0x00000204ee4243e0, 0x00000204ee4246c0]
Event: 21.321 Thread 0x00000204fa4a4f70 6242   !   1       nonapi.io.github.classgraph.classpath.ClasspathOrder::addClasspathEntry (1386 bytes)
Event: 21.321 Thread 0x00000204f5a26910 6243       1       nonapi.io.github.classgraph.classpath.ClasspathOrder::filter (99 bytes)
Event: 21.321 Thread 0x00000204fa3d08b0 6244   !   1       nonapi.io.github.classgraph.classpath.ClasspathOrder::addClasspathEntry (298 bytes)
Event: 21.322 Thread 0x00000204f5a26910 nmethod 6243 0x00000204ee424910 code [0x00000204ee424b20, 0x00000204ee424f78]
Event: 21.322 Thread 0x00000204f5a26910 6245       1       nonapi.io.github.classgraph.classpath.ClasspathOrder$ClasspathEntry::<init> (15 bytes)
Event: 21.322 Thread 0x00000204f5a26910 nmethod 6245 0x00000204ee425190 code [0x00000204ee425320, 0x00000204ee425480]
Event: 21.322 Thread 0x00000204f5a26910 6246       1       nonapi.io.github.classgraph.classpath.SystemJarFinder::getJreLibOrExtJars (4 bytes)
Event: 21.322 Thread 0x00000204f5a26910 nmethod 6246 0x00000204ee425510 code [0x00000204ee4256a0, 0x00000204ee425750]
Event: 21.322 Thread 0x00000204f5a26910 6247       1       nonapi.io.github.classgraph.classpath.SystemJarFinder::getJreRtJarPath (4 bytes)
Event: 21.322 Thread 0x00000204f5a26910 nmethod 6247 0x00000204ee425810 code [0x00000204ee4259a0, 0x00000204ee425a50]
Event: 21.323 Thread 0x00000204fa3d08b0 nmethod 6244 0x00000204ee425b10 code [0x00000204ee425e20, 0x00000204ee426d20]
Event: 21.324 Thread 0x00000204fa3d08b0 6248       1       io.github.classgraph.Scanner$ClasspathEntryWorkUnit::<init> (32 bytes)
Event: 21.324 Thread 0x00000204fa3d08b0 nmethod 6248 0x00000204ee427490 code [0x00000204ee427640, 0x00000204ee427878]
Event: 21.330 Thread 0x00000204fa4a4f70 nmethod 6242 0x00000204ee427910 code [0x00000204ee428560, 0x00000204ee42c4b8]

GC Heap History (20 events):
Event: 16.621 GC heap after
{Heap after GC invocations=22 (full 0):
 garbage-first heap   total 45056K, used 26554K [0x0000000084000000, 0x0000000100000000)
  region size 1024K, 2 young (2048K), 2 survivors (2048K)
 Metaspace       used 67331K, committed 68032K, reserved 1114112K
  class space    used 8836K, committed 9152K, reserved 1048576K
}
Event: 17.473 GC heap before
{Heap before GC invocations=23 (full 0):
 garbage-first heap   total 50176K, used 38842K [0x0000000084000000, 0x0000000100000000)
  region size 1024K, 14 young (14336K), 2 survivors (2048K)
 Metaspace       used 69721K, committed 70400K, reserved 1114112K
  class space    used 9195K, committed 9536K, reserved 1048576K
}
Event: 17.479 GC heap after
{Heap after GC invocations=24 (full 0):
 garbage-first heap   total 50176K, used 27545K [0x0000000084000000, 0x0000000100000000)
  region size 1024K, 2 young (2048K), 2 survivors (2048K)
 Metaspace       used 69721K, committed 70400K, reserved 1114112K
  class space    used 9195K, committed 9536K, reserved 1048576K
}
Event: 18.505 GC heap before
{Heap before GC invocations=24 (full 0):
 garbage-first heap   total 50176K, used 43929K [0x0000000084000000, 0x0000000100000000)
  region size 1024K, 18 young (18432K), 2 survivors (2048K)
 Metaspace       used 73086K, committed 73792K, reserved 1114112K
  class space    used 9659K, committed 9984K, reserved 1048576K
}
Event: 18.510 GC heap after
{Heap after GC invocations=25 (full 0):
 garbage-first heap   total 50176K, used 28842K [0x0000000084000000, 0x0000000100000000)
  region size 1024K, 3 young (3072K), 3 survivors (3072K)
 Metaspace       used 73086K, committed 73792K, reserved 1114112K
  class space    used 9659K, committed 9984K, reserved 1048576K
}
Event: 19.125 GC heap before
{Heap before GC invocations=25 (full 0):
 garbage-first heap   total 50176K, used 43178K [0x0000000084000000, 0x0000000100000000)
  region size 1024K, 17 young (17408K), 3 survivors (3072K)
 Metaspace       used 74647K, committed 75392K, reserved 1114112K
  class space    used 9899K, committed 10240K, reserved 1048576K
}
Event: 19.132 GC heap after
{Heap after GC invocations=26 (full 0):
 garbage-first heap   total 50176K, used 29962K [0x0000000084000000, 0x0000000100000000)
  region size 1024K, 3 young (3072K), 3 survivors (3072K)
 Metaspace       used 74647K, committed 75392K, reserved 1114112K
  class space    used 9899K, committed 10240K, reserved 1048576K
}
Event: 19.917 GC heap before
{Heap before GC invocations=27 (full 0):
 garbage-first heap   total 53248K, used 42250K [0x0000000084000000, 0x0000000100000000)
  region size 1024K, 15 young (15360K), 3 survivors (3072K)
 Metaspace       used 76266K, committed 77056K, reserved 1179648K
  class space    used 10142K, committed 10496K, reserved 1048576K
}
Event: 19.923 GC heap after
{Heap after GC invocations=28 (full 0):
 garbage-first heap   total 53248K, used 30966K [0x0000000084000000, 0x0000000100000000)
  region size 1024K, 2 young (2048K), 2 survivors (2048K)
 Metaspace       used 76266K, committed 77056K, reserved 1179648K
  class space    used 10142K, committed 10496K, reserved 1048576K
}
Event: 20.564 GC heap before
{Heap before GC invocations=28 (full 0):
 garbage-first heap   total 53248K, used 47350K [0x0000000084000000, 0x0000000100000000)
  region size 1024K, 17 young (17408K), 2 survivors (2048K)
 Metaspace       used 77520K, committed 78272K, reserved 1179648K
  class space    used 10299K, committed 10624K, reserved 1048576K
}
Event: 20.572 GC heap after
{Heap after GC invocations=29 (full 0):
 garbage-first heap   total 53248K, used 34492K [0x0000000084000000, 0x0000000100000000)
  region size 1024K, 3 young (3072K), 3 survivors (3072K)
 Metaspace       used 77520K, committed 78272K, reserved 1179648K
  class space    used 10299K, committed 10624K, reserved 1048576K
}
Event: 20.637 GC heap before
{Heap before GC invocations=29 (full 0):
 garbage-first heap   total 53248K, used 45756K [0x0000000084000000, 0x0000000100000000)
  region size 1024K, 14 young (14336K), 3 survivors (3072K)
 Metaspace       used 77520K, committed 78272K, reserved 1179648K
  class space    used 10299K, committed 10624K, reserved 1048576K
}
Event: 20.644 GC heap after
{Heap after GC invocations=30 (full 0):
 garbage-first heap   total 53248K, used 36042K [0x0000000084000000, 0x0000000100000000)
  region size 1024K, 2 young (2048K), 2 survivors (2048K)
 Metaspace       used 77520K, committed 78272K, reserved 1179648K
  class space    used 10299K, committed 10624K, reserved 1048576K
}
Event: 20.733 GC heap before
{Heap before GC invocations=30 (full 0):
 garbage-first heap   total 76800K, used 45258K [0x0000000084000000, 0x0000000100000000)
  region size 1024K, 12 young (12288K), 2 survivors (2048K)
 Metaspace       used 77459K, committed 78272K, reserved 1179648K
  class space    used 10285K, committed 10624K, reserved 1048576K
}
Event: 20.738 GC heap after
{Heap after GC invocations=31 (full 0):
 garbage-first heap   total 76800K, used 38697K [0x0000000084000000, 0x0000000100000000)
  region size 1024K, 2 young (2048K), 2 survivors (2048K)
 Metaspace       used 77459K, committed 78272K, reserved 1179648K
  class space    used 10285K, committed 10624K, reserved 1048576K
}
Event: 21.074 GC heap before
{Heap before GC invocations=32 (full 0):
 garbage-first heap   total 76800K, used 65321K [0x0000000084000000, 0x0000000100000000)
  region size 1024K, 28 young (28672K), 2 survivors (2048K)
 Metaspace       used 77558K, committed 78272K, reserved 1179648K
  class space    used 10301K, committed 10624K, reserved 1048576K
}
Event: 21.084 GC heap after
{Heap after GC invocations=33 (full 0):
 garbage-first heap   total 76800K, used 46316K [0x0000000084000000, 0x0000000100000000)
  region size 1024K, 4 young (4096K), 4 survivors (4096K)
 Metaspace       used 77558K, committed 78272K, reserved 1179648K
  class space    used 10301K, committed 10624K, reserved 1048576K
}
Event: 21.234 GC heap before
{Heap before GC invocations=33 (full 0):
 garbage-first heap   total 76800K, used 63724K [0x0000000084000000, 0x0000000100000000)
  region size 1024K, 22 young (22528K), 4 survivors (4096K)
 Metaspace       used 77558K, committed 78272K, reserved 1179648K
  class space    used 10301K, committed 10624K, reserved 1048576K
}
Event: 21.243 GC heap after
{Heap after GC invocations=34 (full 0):
 garbage-first heap   total 76800K, used 50283K [0x0000000084000000, 0x0000000100000000)
  region size 1024K, 3 young (3072K), 3 survivors (3072K)
 Metaspace       used 77558K, committed 78272K, reserved 1179648K
  class space    used 10301K, committed 10624K, reserved 1048576K
}
Event: 21.347 GC heap before
{Heap before GC invocations=34 (full 0):
 garbage-first heap   total 76800K, used 60523K [0x0000000084000000, 0x0000000100000000)
  region size 1024K, 14 young (14336K), 3 survivors (3072K)
 Metaspace       used 77572K, committed 78272K, reserved 1179648K
  class space    used 10304K, committed 10624K, reserved 1048576K
}

Dll operation events (11 events):
Event: 0.076 Loaded shared library C:\Users\Nikita Sonwane\Downloads\sts-4.24.0.RELEASE\plugins\org.eclipse.justj.openjdk.hotspot.jre.full.win32.x86_64_21.0.3.v20240426-1530\jre\bin\java.dll
Event: 0.200 Loaded shared library C:\Users\Nikita Sonwane\Downloads\sts-4.24.0.RELEASE\plugins\org.eclipse.justj.openjdk.hotspot.jre.full.win32.x86_64_21.0.3.v20240426-1530\jre\bin\zip.dll
Event: 0.726 Loaded shared library C:\Users\Nikita Sonwane\Downloads\sts-4.24.0.RELEASE\plugins\org.eclipse.justj.openjdk.hotspot.jre.full.win32.x86_64_21.0.3.v20240426-1530\jre\bin\jimage.dll
Event: 0.767 Loaded shared library C:\Users\Nikita Sonwane\Downloads\sts-4.24.0.RELEASE\plugins\org.eclipse.justj.openjdk.hotspot.jre.full.win32.x86_64_21.0.3.v20240426-1530\jre\bin\net.dll
Event: 0.827 Loaded shared library C:\Users\Nikita Sonwane\Downloads\sts-4.24.0.RELEASE\plugins\org.eclipse.justj.openjdk.hotspot.jre.full.win32.x86_64_21.0.3.v20240426-1530\jre\bin\nio.dll
Event: 0.856 Loaded shared library C:\Users\Nikita Sonwane\Downloads\sts-4.24.0.RELEASE\plugins\org.eclipse.justj.openjdk.hotspot.jre.full.win32.x86_64_21.0.3.v20240426-1530\jre\bin\zip.dll
Event: 1.457 Loaded shared library C:\Users\Nikita Sonwane\Downloads\sts-4.24.0.RELEASE\plugins\org.eclipse.justj.openjdk.hotspot.jre.full.win32.x86_64_21.0.3.v20240426-1530\jre\bin\management.dll
Event: 1.629 Loaded shared library C:\Users\Nikita Sonwane\Downloads\sts-4.24.0.RELEASE\plugins\org.eclipse.justj.openjdk.hotspot.jre.full.win32.x86_64_21.0.3.v20240426-1530\jre\bin\management_ext.dll
Event: 2.495 Loaded shared library C:\Users\Nikita Sonwane\Downloads\sts-4.24.0.RELEASE\plugins\org.eclipse.justj.openjdk.hotspot.jre.full.win32.x86_64_21.0.3.v20240426-1530\jre\bin\extnet.dll
Event: 6.758 Loaded shared library C:\Users\Nikita Sonwane\Downloads\sts-4.24.0.RELEASE\plugins\org.eclipse.justj.openjdk.hotspot.jre.full.win32.x86_64_21.0.3.v20240426-1530\jre\bin\sunmscapi.dll
Event: 11.813 Loaded shared library C:\Users\Nikita Sonwane\Downloads\sts-4.24.0.RELEASE\plugins\org.eclipse.justj.openjdk.hotspot.jre.full.win32.x86_64_21.0.3.v20240426-1530\jre\bin\verify.dll

Deoptimization events (6 events):
Event: 9.309 Thread 0x00000204faf823b0 DEOPT PACKING pc=0x00000204edfa92f4 sp=0x000000510c2fcba0
Event: 9.309 Thread 0x00000204faf823b0 DEOPT UNPACKING pc=0x00000204ed8388e2 sp=0x000000510c2fc058 mode 0
Event: 17.632 Thread 0x00000204faf823b0 DEOPT PACKING pc=0x00000204ede0690c sp=0x000000510c2fadf0
Event: 17.632 Thread 0x00000204faf823b0 DEOPT UNPACKING pc=0x00000204ed8388e2 sp=0x000000510c2fa348 mode 0
Event: 18.075 Thread 0x00000204faf823b0 DEOPT PACKING pc=0x00000204ede2f6f1 sp=0x000000510c2fc710
Event: 18.075 Thread 0x00000204faf823b0 DEOPT UNPACKING pc=0x00000204ed8388e2 sp=0x000000510c2fbc18 mode 3

Classes loaded (20 events):
Event: 20.265 Loading class java/lang/LayerInstantiationException
Event: 20.265 Loading class java/lang/LayerInstantiationException done
Event: 20.265 Loading class jdk/internal/loader/Loader
Event: 20.268 Loading class jdk/internal/loader/Loader done
Event: 20.289 Loading class java/io/IOError
Event: 20.289 Loading class java/io/IOError done
Event: 20.321 Loading class java/util/regex/Pattern$BackRef
Event: 20.321 Loading class java/util/regex/Pattern$BackRef done
Event: 20.427 Loading class sun/nio/fs/WindowsLinkSupport
Event: 20.428 Loading class sun/nio/fs/WindowsLinkSupport done
Event: 20.518 Loading class java/nio/channels/spi/AbstractInterruptibleChannel$1
Event: 20.518 Loading class sun/nio/ch/Interruptible
Event: 20.518 Loading class sun/nio/ch/Interruptible done
Event: 20.518 Loading class java/nio/channels/spi/AbstractInterruptibleChannel$1 done
Event: 20.519 Loading class java/nio/ReadOnlyBufferException
Event: 20.520 Loading class java/nio/ReadOnlyBufferException done
Event: 20.522 Loading class java/util/zip/DataFormatException
Event: 20.522 Loading class java/util/zip/DataFormatException done
Event: 20.833 Loading class java/io/RandomAccessFile$1
Event: 20.833 Loading class java/io/RandomAccessFile$1 done

Classes unloaded (20 events):
Event: 20.723 Thread 0x00000204f59928f0 Unloading class 0x0000000100191400 'java/lang/invoke/LambdaForm$MH+0x0000000100191400'
Event: 20.723 Thread 0x00000204f59928f0 Unloading class 0x0000000100191000 'java/lang/invoke/LambdaForm$MH+0x0000000100191000'
Event: 20.723 Thread 0x00000204f59928f0 Unloading class 0x0000000100190c00 'java/lang/invoke/LambdaForm$MH+0x0000000100190c00'
Event: 20.723 Thread 0x00000204f59928f0 Unloading class 0x000000010018a400 'java/lang/invoke/LambdaForm$MH+0x000000010018a400'
Event: 20.723 Thread 0x00000204f59928f0 Unloading class 0x0000000100188000 'java/lang/invoke/LambdaForm$MH+0x0000000100188000'
Event: 20.723 Thread 0x00000204f59928f0 Unloading class 0x0000000100182c00 'java/lang/invoke/LambdaForm$MH+0x0000000100182c00'
Event: 20.723 Thread 0x00000204f59928f0 Unloading class 0x0000000100182800 'java/lang/invoke/LambdaForm$MH+0x0000000100182800'
Event: 20.723 Thread 0x00000204f59928f0 Unloading class 0x0000000100181c00 'jdk/internal/reflect/GeneratedSerializationConstructorAccessor8'
Event: 20.723 Thread 0x00000204f59928f0 Unloading class 0x0000000100181800 'java/lang/invoke/LambdaForm$MH+0x0000000100181800'
Event: 20.723 Thread 0x00000204f59928f0 Unloading class 0x000000010010ec00 'jdk/internal/reflect/GeneratedSerializationConstructorAccessor7'
Event: 20.723 Thread 0x00000204f59928f0 Unloading class 0x000000010010e800 'jdk/internal/reflect/GeneratedSerializationConstructorAccessor6'
Event: 20.723 Thread 0x00000204f59928f0 Unloading class 0x000000010010e400 'jdk/internal/reflect/GeneratedSerializationConstructorAccessor5'
Event: 20.723 Thread 0x00000204f59928f0 Unloading class 0x000000010010e000 'jdk/internal/reflect/GeneratedSerializationConstructorAccessor4'
Event: 20.723 Thread 0x00000204f59928f0 Unloading class 0x0000000100103000 'jdk/internal/reflect/GeneratedSerializationConstructorAccessor3'
Event: 20.723 Thread 0x00000204f59928f0 Unloading class 0x0000000100102c00 'jdk/internal/reflect/GeneratedSerializationConstructorAccessor2'
Event: 20.723 Thread 0x00000204f59928f0 Unloading class 0x0000000100102800 'jdk/internal/reflect/GeneratedSerializationConstructorAccessor1'
Event: 20.723 Thread 0x00000204f59928f0 Unloading class 0x0000000100101800 'java/lang/invoke/LambdaForm$DMH+0x0000000100101800'
Event: 20.723 Thread 0x00000204f59928f0 Unloading class 0x0000000100101000 'java/lang/invoke/LambdaForm$DMH+0x0000000100101000'
Event: 20.723 Thread 0x00000204f59928f0 Unloading class 0x0000000100100000 'java/lang/invoke/LambdaForm$DMH+0x0000000100100000'
Event: 20.723 Thread 0x00000204f59928f0 Unloading class 0x00000001000c8400 'java/lang/invoke/LambdaForm$DMH+0x00000001000c8400'

Classes redefined (0 events):
No events

Internal exceptions (20 events):
Event: 21.330 Thread 0x00000204fc64be60 Exception <a 'sun/nio/fs/WindowsException'{0x0000000088143178}> (0x0000000088143178) 
thrown [s\src\hotspot\share\prims\jni.cpp, line 520]
Event: 21.330 Thread 0x00000204fc64be60 Exception <a 'sun/nio/fs/WindowsException'{0x00000000881434a8}> (0x00000000881434a8) 
thrown [s\src\hotspot\share\prims\jni.cpp, line 520]
Event: 21.330 Thread 0x00000204fc64be60 Exception <a 'sun/nio/fs/WindowsException'{0x0000000088143e60}> (0x0000000088143e60) 
thrown [s\src\hotspot\share\prims\jni.cpp, line 520]
Event: 21.330 Thread 0x00000204fc64be60 Exception <a 'sun/nio/fs/WindowsException'{0x00000000881441c0}> (0x00000000881441c0) 
thrown [s\src\hotspot\share\prims\jni.cpp, line 520]
Event: 21.330 Thread 0x00000204fc64be60 Exception <a 'sun/nio/fs/WindowsException'{0x0000000088144b50}> (0x0000000088144b50) 
thrown [s\src\hotspot\share\prims\jni.cpp, line 520]
Event: 21.330 Thread 0x00000204fc64be60 Exception <a 'sun/nio/fs/WindowsException'{0x0000000088144e80}> (0x0000000088144e80) 
thrown [s\src\hotspot\share\prims\jni.cpp, line 520]
Event: 21.331 Thread 0x00000204fc64be60 Exception <a 'sun/nio/fs/WindowsException'{0x00000000881457e8}> (0x00000000881457e8) 
thrown [s\src\hotspot\share\prims\jni.cpp, line 520]
Event: 21.331 Thread 0x00000204fc64be60 Exception <a 'sun/nio/fs/WindowsException'{0x0000000088145ae8}> (0x0000000088145ae8) 
thrown [s\src\hotspot\share\prims\jni.cpp, line 520]
Event: 21.331 Thread 0x00000204fc64be60 Exception <a 'sun/nio/fs/WindowsException'{0x0000000088146460}> (0x0000000088146460) 
thrown [s\src\hotspot\share\prims\jni.cpp, line 520]
Event: 21.331 Thread 0x00000204fc64be60 Exception <a 'sun/nio/fs/WindowsException'{0x0000000088146780}> (0x0000000088146780) 
thrown [s\src\hotspot\share\prims\jni.cpp, line 520]
Event: 21.331 Thread 0x00000204fc64be60 Exception <a 'sun/nio/fs/WindowsException'{0x0000000088147120}> (0x0000000088147120) 
thrown [s\src\hotspot\share\prims\jni.cpp, line 520]
Event: 21.331 Thread 0x00000204fc64be60 Exception <a 'sun/nio/fs/WindowsException'{0x0000000088147420}> (0x0000000088147420) 
thrown [s\src\hotspot\share\prims\jni.cpp, line 520]
Event: 21.331 Thread 0x00000204fc64be60 Exception <a 'sun/nio/fs/WindowsException'{0x0000000088147d98}> (0x0000000088147d98) 
thrown [s\src\hotspot\share\prims\jni.cpp, line 520]
Event: 21.331 Thread 0x00000204fc64be60 Exception <a 'sun/nio/fs/WindowsException'{0x00000000881480b8}> (0x00000000881480b8) 
thrown [s\src\hotspot\share\prims\jni.cpp, line 520]
Event: 21.331 Thread 0x00000204fc64be60 Exception <a 'sun/nio/fs/WindowsException'{0x0000000088148a48}> (0x0000000088148a48) 
thrown [s\src\hotspot\share\prims\jni.cpp, line 520]
Event: 21.331 Thread 0x00000204fc64be60 Exception <a 'sun/nio/fs/WindowsException'{0x0000000088148d78}> (0x0000000088148d78) 
thrown [s\src\hotspot\share\prims\jni.cpp, line 520]
Event: 21.331 Thread 0x00000204fc64be60 Exception <a 'sun/nio/fs/WindowsException'{0x0000000088149720}> (0x0000000088149720) 
thrown [s\src\hotspot\share\prims\jni.cpp, line 520]
Event: 21.331 Thread 0x00000204fc64be60 Exception <a 'sun/nio/fs/WindowsException'{0x0000000088149a70}> (0x0000000088149a70) 
thrown [s\src\hotspot\share\prims\jni.cpp, line 520]
Event: 21.331 Thread 0x00000204fc64be60 Exception <a 'sun/nio/fs/WindowsException'{0x000000008814a410}> (0x000000008814a410) 
thrown [s\src\hotspot\share\prims\jni.cpp, line 520]
Event: 21.331 Thread 0x00000204fc64be60 Exception <a 'sun/nio/fs/WindowsException'{0x000000008814a760}> (0x000000008814a760) 
thrown [s\src\hotspot\share\prims\jni.cpp, line 520]

ZGC Phase Switch (0 events):
No events

VM Operations (20 events):
Event: 19.715 Executing VM operation: HandshakeAllThreads (Deoptimize) done
Event: 19.917 Executing VM operation: G1CollectForAllocation (G1 Evacuation Pause)
Event: 19.924 Executing VM operation: G1CollectForAllocation (G1 Evacuation Pause) done
Event: 20.546 Executing VM operation: G1CollectForAllocation (G1 Evacuation Pause)
Event: 20.572 Executing VM operation: G1CollectForAllocation (G1 Evacuation Pause) done
Event: 20.622 Executing VM operation: G1CollectForAllocation (G1 Evacuation Pause)
Event: 20.644 Executing VM operation: G1CollectForAllocation (G1 Evacuation Pause) done
Event: 20.718 Executing VM operation: G1PauseRemark
Event: 20.730 Executing VM operation: G1PauseRemark done
Event: 20.732 Executing VM operation: G1CollectForAllocation (G1 Evacuation Pause)
Event: 20.738 Executing VM operation: G1CollectForAllocation (G1 Evacuation Pause) done
Event: 20.768 Executing VM operation: G1PauseCleanup
Event: 20.768 Executing VM operation: G1PauseCleanup done
Event: 20.818 Executing VM operation: HandshakeAllThreads (Deoptimize)
Event: 20.818 Executing VM operation: HandshakeAllThreads (Deoptimize) done
Event: 21.066 Executing VM operation: G1CollectForAllocation (G1 Evacuation Pause)
Event: 21.085 Executing VM operation: G1CollectForAllocation (G1 Evacuation Pause) done
Event: 21.233 Executing VM operation: G1CollectForAllocation (G1 Evacuation Pause)
Event: 21.244 Executing VM operation: G1CollectForAllocation (G1 Evacuation Pause) done
Event: 21.343 Executing VM operation: G1TryInitiateConcMark (G1 Humongous Allocation)

Events (20 events):
Event: 21.291 Thread 0x00000204fc648350 Thread added: 0x00000204fc648350
Event: 21.293 Thread 0x00000204fc647cc0 Thread added: 0x00000204fc647cc0
Event: 21.294 Thread 0x00000204fc646fa0 Thread added: 0x00000204fc646fa0
Event: 21.296 Thread 0x00000204fc6489e0 Thread added: 0x00000204fc6489e0
Event: 21.298 Thread 0x00000204fc647cc0 Thread exited: 0x00000204fc647cc0
Event: 21.298 Thread 0x00000204fc64be60 Thread exited: 0x00000204fc64be60
Event: 21.298 Thread 0x00000204fc646fa0 Thread exited: 0x00000204fc646fa0
Event: 21.298 Thread 0x00000204fc64a420 Thread exited: 0x00000204fc64a420
Event: 21.299 Thread 0x00000204fc6489e0 Thread exited: 0x00000204fc6489e0
Event: 21.299 Thread 0x00000204fc649070 Thread exited: 0x00000204fc649070
Event: 21.299 Thread 0x00000204fc648350 Thread exited: 0x00000204fc648350
Event: 21.299 Thread 0x00000204fc649700 Thread exited: 0x00000204fc649700
Event: 21.324 Thread 0x00000204fc64d210 Thread added: 0x00000204fc64d210
Event: 21.327 Thread 0x00000204fc64be60 Thread added: 0x00000204fc64be60
Event: 21.330 Thread 0x00000204fc64a420 Thread added: 0x00000204fc64a420
Event: 21.332 Thread 0x00000204fc647630 Thread added: 0x00000204fc647630
Event: 21.340 Thread 0x00000204fc649700 Thread added: 0x00000204fc649700
Event: 21.341 Thread 0x00000204fc64aab0 Thread added: 0x00000204fc64aab0
Event: 21.341 Thread 0x00000204fc646280 Thread added: 0x00000204fc646280
Event: 21.342 Thread 0x00000204fc646fa0 Thread added: 0x00000204fc646fa0


Dynamic libraries:
0x00007ff694e10000 - 0x00007ff694e1e000 	C:\Users\Nikita Sonwane\Downloads\sts-4.24.0.RELEASE\plugins\org.eclipse.justj.openjdk.hotspot.jre.full.win32.x86_64_21.0.3.v20240426-1530\jre\bin\javaw.exe
0x00007ffa0bfd0000 - 0x00007ffa0c1e7000 	C:\WINDOWS\SYSTEM32\ntdll.dll
0x00007ffa0ab20000 - 0x00007ffa0abe4000 	C:\WINDOWS\System32\KERNEL32.DLL
0x00007ffa09410000 - 0x00007ffa097b7000 	C:\WINDOWS\System32\KERNELBASE.dll
0x00007ffa092f0000 - 0x00007ffa09401000 	C:\WINDOWS\System32\ucrtbase.dll
0x00007ff9d1e30000 - 0x00007ff9d1e48000 	C:\Users\Nikita Sonwane\Downloads\sts-4.24.0.RELEASE\plugins\org.eclipse.justj.openjdk.hotspot.jre.full.win32.x86_64_21.0.3.v20240426-1530\jre\bin\jli.dll
0x00007ffa0a970000 - 0x00007ffa0ab1e000 	C:\WINDOWS\System32\USER32.dll
0x00007ffa09830000 - 0x00007ffa09856000 	C:\WINDOWS\System32\win32u.dll
0x00007ffa0aea0000 - 0x00007ffa0aec9000 	C:\WINDOWS\System32\GDI32.dll
0x00007ffa09be0000 - 0x00007ffa09cf9000 	C:\WINDOWS\System32\gdi32full.dll
0x00007ffa09920000 - 0x00007ffa099ba000 	C:\WINDOWS\System32\msvcp_win.dll
0x00007ff9ade10000 - 0x00007ff9ade2b000 	C:\Users\Nikita Sonwane\Downloads\sts-4.24.0.RELEASE\plugins\org.eclipse.justj.openjdk.hotspot.jre.full.win32.x86_64_21.0.3.v20240426-1530\jre\bin\VCRUNTIME140.dll
0x00007ff9ec210000 - 0x00007ff9ec4a3000 	C:\WINDOWS\WinSxS\amd64_microsoft.windows.common-controls_6595b64144ccf1df_6.0.22621.3527_none_270e469b73872a76\COMCTL32.dll
0x00007ffa09d10000 - 0x00007ffa09db7000 	C:\WINDOWS\System32\msvcrt.dll
0x00007ffa0ac50000 - 0x00007ffa0ac81000 	C:\WINDOWS\System32\IMM32.DLL
0x00007ff9de540000 - 0x00007ff9de54c000 	C:\Users\Nikita Sonwane\Downloads\sts-4.24.0.RELEASE\plugins\org.eclipse.justj.openjdk.hotspot.jre.full.win32.x86_64_21.0.3.v20240426-1530\jre\bin\vcruntime140_1.dll
0x00007ff989970000 - 0x00007ff9899fe000 	C:\Users\Nikita Sonwane\Downloads\sts-4.24.0.RELEASE\plugins\org.eclipse.justj.openjdk.hotspot.jre.full.win32.x86_64_21.0.3.v20240426-1530\jre\bin\msvcp140.dll
0x00007ff986b90000 - 0x00007ff987912000 	C:\Users\Nikita Sonwane\Downloads\sts-4.24.0.RELEASE\plugins\org.eclipse.justj.openjdk.hotspot.jre.full.win32.x86_64_21.0.3.v20240426-1530\jre\bin\server\jvm.dll
0x00007ffa0ade0000 - 0x00007ffa0ae92000 	C:\WINDOWS\System32\ADVAPI32.dll
0x00007ffa0b4e0000 - 0x00007ffa0b588000 	C:\WINDOWS\System32\sechost.dll
0x00007ffa09bb0000 - 0x00007ffa09bd8000 	C:\WINDOWS\System32\bcrypt.dll
0x00007ffa0b610000 - 0x00007ffa0b725000 	C:\WINDOWS\System32\RPCRT4.dll
0x00007ffa0a050000 - 0x00007ffa0a0c1000 	C:\WINDOWS\System32\WS2_32.dll
0x00007ffa091b0000 - 0x00007ffa091fd000 	C:\WINDOWS\SYSTEM32\POWRPROF.dll
0x00007ff9fc1b0000 - 0x00007ff9fc1e4000 	C:\WINDOWS\SYSTEM32\WINMM.dll
0x00007ff9fdac0000 - 0x00007ff9fdaca000 	C:\WINDOWS\SYSTEM32\VERSION.dll
0x00007ffa09190000 - 0x00007ffa091a3000 	C:\WINDOWS\SYSTEM32\UMPDC.dll
0x00007ffa08310000 - 0x00007ffa08328000 	C:\WINDOWS\SYSTEM32\kernel.appcore.dll
0x00007ff9e3b50000 - 0x00007ff9e3b5a000 	C:\Users\Nikita Sonwane\Downloads\sts-4.24.0.RELEASE\plugins\org.eclipse.justj.openjdk.hotspot.jre.full.win32.x86_64_21.0.3.v20240426-1530\jre\bin\jimage.dll
0x00007ffa06d90000 - 0x00007ffa06fc2000 	C:\WINDOWS\SYSTEM32\DBGHELP.DLL
0x00007ffa0a0d0000 - 0x00007ffa0a458000 	C:\WINDOWS\System32\combase.dll
0x00007ffa0a840000 - 0x00007ffa0a917000 	C:\WINDOWS\System32\OLEAUT32.dll
0x00007ff9e0780000 - 0x00007ff9e07b2000 	C:\WINDOWS\SYSTEM32\dbgcore.DLL
0x00007ffa09b30000 - 0x00007ffa09ba9000 	C:\WINDOWS\System32\bcryptPrimitives.dll
0x00007ff9d4740000 - 0x00007ff9d475f000 	C:\Users\Nikita Sonwane\Downloads\sts-4.24.0.RELEASE\plugins\org.eclipse.justj.openjdk.hotspot.jre.full.win32.x86_64_21.0.3.v20240426-1530\jre\bin\java.dll
0x00007ff9d0670000 - 0x00007ff9d0688000 	C:\Users\Nikita Sonwane\Downloads\sts-4.24.0.RELEASE\plugins\org.eclipse.justj.openjdk.hotspot.jre.full.win32.x86_64_21.0.3.v20240426-1530\jre\bin\zip.dll
0x00007ffa0b730000 - 0x00007ffa0bf8c000 	C:\WINDOWS\System32\SHELL32.dll
0x00007ffa071f0000 - 0x00007ffa07ae6000 	C:\WINDOWS\SYSTEM32\windows.storage.dll
0x00007ffa06fd0000 - 0x00007ffa0710e000 	C:\WINDOWS\SYSTEM32\wintypes.dll
0x00007ffa09dc0000 - 0x00007ffa09eb5000 	C:\WINDOWS\System32\SHCORE.dll
0x00007ffa0abf0000 - 0x00007ffa0ac4e000 	C:\WINDOWS\System32\shlwapi.dll
0x00007ffa09220000 - 0x00007ffa09241000 	C:\WINDOWS\SYSTEM32\profapi.dll
0x00007ff9e2d70000 - 0x00007ff9e2d80000 	C:\Users\Nikita Sonwane\Downloads\sts-4.24.0.RELEASE\plugins\org.eclipse.justj.openjdk.hotspot.jre.full.win32.x86_64_21.0.3.v20240426-1530\jre\bin\net.dll
0x00007ff9fe6d0000 - 0x00007ff9fe806000 	C:\WINDOWS\SYSTEM32\WINHTTP.dll
0x00007ffa08780000 - 0x00007ffa087e9000 	C:\WINDOWS\system32\mswsock.dll
0x00007ff9c55f0000 - 0x00007ff9c5606000 	C:\Users\Nikita Sonwane\Downloads\sts-4.24.0.RELEASE\plugins\org.eclipse.justj.openjdk.hotspot.jre.full.win32.x86_64_21.0.3.v20240426-1530\jre\bin\nio.dll
0x00007ff9e29a0000 - 0x00007ff9e29aa000 	C:\Users\Nikita Sonwane\Downloads\sts-4.24.0.RELEASE\plugins\org.eclipse.justj.openjdk.hotspot.jre.full.win32.x86_64_21.0.3.v20240426-1530\jre\bin\management.dll
0x00007ff9e2990000 - 0x00007ff9e299b000 	C:\Users\Nikita Sonwane\Downloads\sts-4.24.0.RELEASE\plugins\org.eclipse.justj.openjdk.hotspot.jre.full.win32.x86_64_21.0.3.v20240426-1530\jre\bin\management_ext.dll
0x00007ffa0b4d0000 - 0x00007ffa0b4d8000 	C:\WINDOWS\System32\PSAPI.DLL
0x00007ffa01b60000 - 0x00007ffa01b77000 	C:\WINDOWS\system32\napinsp.dll
0x00007ff9fece0000 - 0x00007ff9fecfb000 	C:\WINDOWS\system32\pnrpnsp.dll
0x00007ffa07d70000 - 0x00007ffa07e68000 	C:\WINDOWS\SYSTEM32\DNSAPI.dll
0x00007ffa07d40000 - 0x00007ffa07d6d000 	C:\WINDOWS\SYSTEM32\IPHLPAPI.DLL
0x00007ffa0ac90000 - 0x00007ffa0ac99000 	C:\WINDOWS\System32\NSI.dll
0x00007ff9fdec0000 - 0x00007ff9fded1000 	C:\WINDOWS\System32\winrnr.dll
0x00007ff9fdad0000 - 0x00007ff9fdae5000 	C:\WINDOWS\system32\wshbth.dll
0x00007ff98eda0000 - 0x00007ff98edc7000 	C:\WINDOWS\system32\nlansp_c.dll
0x00007ff9fac00000 - 0x00007ff9fac0a000 	C:\Windows\System32\rasadhlp.dll
0x00007ff9fdc70000 - 0x00007ff9fdcf3000 	C:\WINDOWS\System32\fwpuclnt.dll
0x00007ffa089e0000 - 0x00007ffa089fb000 	C:\WINDOWS\SYSTEM32\CRYPTSP.dll
0x00007ffa08270000 - 0x00007ffa082a5000 	C:\WINDOWS\system32\rsaenh.dll
0x00007ffa08880000 - 0x00007ffa088a8000 	C:\WINDOWS\SYSTEM32\USERENV.dll
0x00007ffa08a00000 - 0x00007ffa08a0c000 	C:\WINDOWS\SYSTEM32\CRYPTBASE.dll
0x00007ff9ec150000 - 0x00007ff9ec159000 	C:\Users\Nikita Sonwane\Downloads\sts-4.24.0.RELEASE\plugins\org.eclipse.justj.openjdk.hotspot.jre.full.win32.x86_64_21.0.3.v20240426-1530\jre\bin\extnet.dll
0x00007ff9e0050000 - 0x00007ff9e005e000 	C:\Users\Nikita Sonwane\Downloads\sts-4.24.0.RELEASE\plugins\org.eclipse.justj.openjdk.hotspot.jre.full.win32.x86_64_21.0.3.v20240426-1530\jre\bin\sunmscapi.dll
0x00007ffa099c0000 - 0x00007ffa09b28000 	C:\WINDOWS\System32\CRYPT32.dll
0x00007ffa08ba0000 - 0x00007ffa08bce000 	C:\WINDOWS\SYSTEM32\ncrypt.dll
0x00007ffa08b60000 - 0x00007ffa08b97000 	C:\WINDOWS\SYSTEM32\NTASN1.dll
0x00007ff9e23b0000 - 0x00007ff9e23c0000 	C:\Users\Nikita Sonwane\Downloads\sts-4.24.0.RELEASE\plugins\org.eclipse.justj.openjdk.hotspot.jre.full.win32.x86_64_21.0.3.v20240426-1530\jre\bin\verify.dll

dbghelp: loaded successfully - version: 4.0.5 - missing functions: none
symbol engine: initialized successfully - sym options: 0x614 - pdb path: .;C:\Users\Nikita Sonwane\Downloads\sts-4.24.0.RELEASE\plugins\org.eclipse.justj.openjdk.hotspot.jre.full.win32.x86_64_21.0.3.v20240426-1530\jre\bin;C:\WINDOWS\SYSTEM32;C:\WINDOWS\WinSxS\amd64_microsoft.windows.common-controls_6595b64144ccf1df_6.0.22621.3527_none_270e469b73872a76;C:\Users\Nikita Sonwane\Downloads\sts-4.24.0.RELEASE\plugins\org.eclipse.justj.openjdk.hotspot.jre.full.win32.x86_64_21.0.3.v20240426-1530\jre\bin\server

VM Arguments:
jvm_args: -Dcom.sun.management.jmxremote -Dcom.sun.management.jmxremote.port=58519 -Dcom.sun.management.jmxremote.authenticate=false -Dcom.sun.management.jmxremote.ssl=false -Djava.rmi.server.hostname=localhost -Dspring.jmx.enabled=true -Dmanagement.endpoints.jmx.exposure.include=* -Dspring.application.admin.enabled=true -XX:TieredStopAtLevel=1 -Dspring.boot.project.name=sunbase -Dfile.encoding=UTF-8 -Dstdout.encoding=UTF-8 -Dstderr.encoding=UTF-8 -XX:+ShowCodeDetailsInExceptionMessages 
java_command: com.rj.sunbase.SunbaseApplication --spring.output.ansi.enabled=always
java_class_path (initial): C:\Users\Nikita Sonwane\Desktop\SUnbase_Assignment\sunbase\target\classes;C:\Users\Nikita Sonwane\.m2\repository\org\springframework\boot\spring-boot-starter-data-jpa\3.3.2\spring-boot-starter-data-jpa-3.3.2.jar;C:\Users\Nikita Sonwane\.m2\repository\org\springframework\boot\spring-boot-starter-aop\3.3.2\spring-boot-starter-aop-3.3.2.jar;C:\Users\Nikita Sonwane\.m2\repository\org\aspectj\aspectjweaver\1.9.22.1\aspectjweaver-1.9.22.1.jar;C:\Users\Nikita Sonwane\.m2\repository\org\springframework\boot\spring-boot-starter-jdbc\3.3.2\spring-boot-starter-jdbc-3.3.2.jar;C:\Users\Nikita Sonwane\.m2\repository\com\zaxxer\HikariCP\5.1.0\HikariCP-5.1.0.jar;C:\Users\Nikita Sonwane\.m2\repository\org\springframework\spring-jdbc\6.1.11\spring-jdbc-6.1.11.jar;C:\Users\Nikita Sonwane\.m2\repository\org\hibernate\orm\hibernate-core\6.5.2.Final\hibernate-core-6.5.2.Final.jar;C:\Users\Nikita Sonwane\.m2\repository\jakarta\persistence\jakarta.persistence-api\3.1.0\jakarta.persistence-api-3.1.0.jar;C:\Users\Nikita Sonwane\.m2\repository\jakarta\transaction\jakarta.transaction-api\2.0.1\jakarta.transaction-api-2.0.1.jar;C:\Users\Nikita Sonwane\.m2\repository\org\jboss\logging\jboss-logging\3.5.3.Final\jboss-logging-3.5.3.Final.jar;C:\Users\Nikita Sonwane\.m2\repository\org\hibernate\common\hibernate-commons-annotations\6.0.6.Final\hibernate-commons-annotations-6.0.6.Final.jar;C:\Users\Nikita Sonwane\.m2\repository\io\smallrye\jandex\3.1.2\jandex-3.1.2.jar;C:\Users\Nikita Sonwane\.m2\repository\com\fasterxml\classmate\1.7.0\classmate-1.7.0.jar;C:\Users\Nikita Sonwane\.m2\repository\net\bytebuddy\byte-buddy\1.14.18\byte-buddy-1.14.18.jar;C:\Users\Nikita Sonwane\.m2\repository\org\glassfish\jaxb\jaxb-runtime\4.0.5\jaxb-runtime-4.0.5.jar;C:\Users\Nikita Sonwane\.m2\repository\org\glassfish\jaxb\jaxb-core\4.0.5\jaxb-core-4.0.5.jar;C:\Users\Nikita Sonwane\.m2\repository\org\glassfish\jaxb\txw2\4.0.5\txw2-4.0.5.jar;C:\Users\Nikita Sonwane\.m2\repository\com\sun\istack\istack-commons-runtime\4.1.2\istack-commons-runtime-4.1.2.jar;C:\Users\Nikita Sonwane\.m2\repository\jakarta\inject\jakarta.inject-api\2.0.1\jakarta.inject-api-2.0.1.jar;C:\Users\Nikita Sonwane\.m2\repository\org\antlr\antlr4-runtime\4.13.0\antlr4-runtime-4.13.0.jar;C:\Users\Nikita Sonwane\.m2\repository\org\springframework\data\spring-data-jpa\3.3.2\spring-data-jpa-3.3.2.jar;C:\Users\Nikita Sonwane\.m2\repository\org\springframework\data\spring-data-commons\3.3.2\spring-data-commons-3.3.2.jar;C:\Users\Nikita Sonwane\.m2\repository\org\springframework\spring-orm\6.1.11\spring-orm-6.1.11.jar;C:\Users\Nikita Sonwane\.m2\repository\org\springframework\spring-context\6.1.11\spring-context-6.1.11.jar;C:\Users\Nikita Sonwane\.m2\repository\org\springframework\spring-tx\6.1.11\spring-tx-6.1.11.jar;C:\Users\Nikita Sonwane\.m2\repository\org\springframework\spring-beans\6.1.11\spring-beans-6.1.11.jar;C:\Users\Nikita Sonwane\.m2\repository\jakarta\annotation\jakarta.annotation-api\2.1.1\jakarta.annotation-api-2.1.1.jar;C:\Users\Nikita Sonwane\.m2\repository\org\slf4j\slf4j-api\2.0.13\slf4j-api-2.0.13.jar;C:\Users\Nikita Sonwane\.m2\repository\org\springframework\spring-aspects\6.1.11\spring-aspects-6.1.11.jar;C:\Users\Nikita Sonwane\.m2\repository\org\springframework\boot\spring-boot-starter-security\3.3.2\spring-boot-starter-security-3.3.2.jar;C:\Users\Nikita Sonwane\.m2\repository\org\springframework\boot\spring-boot-starter\3.3.2\spring-boot-starter-3.3.2.jar;C:\Users\Nikita Sonwane\.m2\repository\org\springframework\boot\spring-boot-starter-logging\3.3.2\spring-boot-starter-logging-3.3.2.jar;C:\Users\Nikita Sonwane\.m2\repository\ch\qos\logback\logback-classic\1.5.6\logback-classic-1.5.6.jar;C:\Users\Nikita Sonwane\.m2\repository\ch\qos\logback\logback-core\1.5.6\logback-core-1.5.6.jar;C:\Users\Nikita Sonwane\.m2\repository\org\apache\logging\log4j\log4j-to-slf4j\2.23.1\log4j-to-slf4j-2.23.1.jar;C:\Users\Nikita Sonwane\.m2\repository\org\apache\logging\log4j\log4j-api\2.23.1\log4j-api-2.23.1.jar;C:\Users\Nikita Sonwane\.m2\repository\org\slf4j\jul-to-slf4j\2.0.13\jul-to-slf4j-2.0.13.jar;C:\Users\Nikita Sonwane\.m2\repository\org\yaml\snakeyaml\2.2\snakeyaml-2.2.jar;C:\Users\Nikita Sonwane\.m2\repository\org\springframework\spring-aop\6.1.11\spring-aop-6.1.11.jar;C:\Users\Nikita Sonwane\.m2\repository\org\springframework\security\spring-security-config\6.3.1\spring-security-config-6.3.1.jar;C:\Users\Nikita Sonwane\.m2\repository\org\springframework\security\spring-security-web\6.3.1\spring-security-web-6.3.1.jar;C:\Users\Nikita Sonwane\.m2\repository\org\springframework\spring-expression\6.1.11\spring-expression-6.1.11.jar;C:\Users\Nikita Sonwane\.m2\repository\io\jsonwebtoken\jjwt\0.9.1\jjwt-0.9.1.jar;C:\Users\Nikita Sonwane\.m2\repository\com\fasterxml\jackson\core\jackson-databind\2.17.2\jackson-databind-2.17.2.jar;C:\Users\Nikita Sonwane\.m2\repository\com\fasterxml\jackson\core\jackson-annotations\2.17.2\jackson-annotations-2.17.2.jar;C:\Users\Nikita Sonwane\.m2\repository\com\fasterxml\jackson\core\jackson-core\2.17.2\jackson-core-2.17.2.jar;C:\Users\Nikita Sonwane\.m2\repository\org\springframework\boot\spring-boot-starter-web\3.3.2\spring-boot-starter-web-3.3.2.jar;C:\Users\Nikita Sonwane\.m2\repository\org\springframework\boot\spring-boot-starter-json\3.3.2\spring-boot-starter-json-3.3.2.jar;C:\Users\Nikita Sonwane\.m2\repository\com\fasterxml\jackson\datatype\jackson-datatype-jdk8\2.17.2\jackson-datatype-jdk8-2.17.2.jar;C:\Users\Nikita Sonwane\.m2\repository\com\fasterxml\jackson\datatype\jackson-datatype-jsr310\2.17.2\jackson-datatype-jsr310-2.17.2.jar;C:\Users\Nikita Sonwane\.m2\repository\com\fasterxml\jackson\module\jackson-module-parameter-names\2.17.2\jackson-module-parameter-names-2.17.2.jar;C:\Users\Nikita Sonwane\.m2\repository\org\springframework\boot\spring-boot-starter-tomcat\3.3.2\spring-boot-starter-tomcat-3.3.2.jar;C:\Users\Nikita Sonwane\.m2\repository\org\apache\tomcat\embed\tomcat-embed-core\10.1.26\tomcat-embed-core-10.1.26.jar;C:\Users\Nikita Sonwane\.m2\repository\org\apache\tomcat\embed\tomcat-embed-el\10.1.26\tomcat-embed-el-10.1.26.jar;C:\Users\Nikita Sonwane\.m2\repository\org\apache\tomcat\embed\tomcat-embed-websocket\10.1.26\tomcat-embed-websocket-10.1.26.jar;C:\Users\Nikita Sonwane\.m2\repository\org\springframework\spring-web\6.1.11\spring-web-6.1.11.jar;C:\Users\Nikita Sonwane\.m2\repository\io\micrometer\micrometer-observation\1.13.2\micrometer-observation-1.13.2.jar;C:\Users\Nikita Sonwane\.m2\repository\io\micrometer\micrometer-commons\1.13.2\micrometer-commons-1.13.2.jar;C:\Users\Nikita Sonwane\.m2\repository\org\springframework\spring-webmvc\6.1.11\spring-webmvc-6.1.11.jar;C:\Users\Nikita Sonwane\.m2\repository\org\springdoc\springdoc-openapi-starter-webmvc-ui\2.0.4\springdoc-openapi-starter-webmvc-ui-2.0.4.jar;C:\Users\Nikita Sonwane\.m2\repository\org\springdoc\springdoc-openapi-starter-webmvc-api\2.0.4\springdoc-openapi-starter-webmvc-api-2.0.4.jar;C:\Users\Nikita Sonwane\.m2\repository\org\springdoc\springdoc-openapi-starter-common\2.0.4\springdoc-openapi-starter-common-2.0.4.jar;C:\Users\Nikita Sonwane\.m2\repository\io\swagger\core\v3\swagger-core-jakarta\2.2.8\swagger-core-jakarta-2.2.8.jar;C:\Users\Nikita Sonwane\.m2\repository\org\apache\commons\commons-lang3\3.14.0\commons-lang3-3.14.0.jar;C:\Users\Nikita Sonwane\.m2\repository\io\swagger\core\v3\swagger-annotations-jakarta\2.2.8\swagger-annotations-jakarta-2.2.8.jar;C:\Users\Nikita Sonwane\.m2\repository\io\swagger\core\v3\swagger-models-jakarta\2.2.8\swagger-models-jakarta-2.2.8.jar;C:\Users\Nikita Sonwane\.m2\repository\jakarta\validation\jakarta.validation-api\3.0.2\jakarta.validation-api-3.0.2.jar;C:\Users\Nikita Sonwane\.m2\repository\com\fasterxml\jackson\dataformat\jackson-dataformat-yaml\2.17.2\jackson-dataformat-yaml-2.17.2.jar;C:\Users\Nikita Sonwane\.m2\repository\org\webjars\swagger-ui\4.18.1\swagger-ui-4.18.1.jar;C:\Users\Nikita Sonwane\.m2\repository\org\webjars\webjars-locator-core\0.58\webjars-locator-core-0.58.jar;C:\Users\Nikita Sonwane\.m2\repository\io\github\classgraph\classgraph\4.8.149\classgraph-4.8.149.jar;C:\Users\Nikita Sonwane\.m2\repository\org\springframework\boot\spring-boot-devtools\3.3.2\spring-boot-devtools-3.3.2.jar;C:\Users\Nikita Sonwane\.m2\repository\org\springframework\boot\spring-boot\3.3.2\spring-boot-3.3.2.jar;C:\Users\Nikita Sonwane\.m2\repository\org\springframework\boot\spring-boot-autoconfigure\3.3.2\spring-boot-autoconfigure-3.3.2.jar;C:\Users\Nikita Sonwane\.m2\repository\com\mysql\mysql-connector-j\8.3.0\mysql-connector-j-8.3.0.jar;C:\Users\Nikita Sonwane\.m2\repository\org\projectlombok\lombok\1.18.34\lombok-1.18.34.jar;C:\Users\Nikita Sonwane\.m2\repository\jakarta\xml\bind\jakarta.xml.bind-api\4.0.2\jakarta.xml.bind-api-4.0.2.jar;C:\Users\Nikita Sonwane\.m2\repository\jakarta\activation\jakarta.activation-api\2.1.3\jakarta.activation-api-2.1.3.jar;C:\Users\Nikita Sonwane\.m2\repository\org\springframework\spring-core\6.1.11\spring-core-6.1.11.jar;C:\Users\Nikita Sonwane\.m2\repository\org\springframework\spring-jcl\6.1.11\spring-jcl-6.1.11.jar;C:\Users\Nikita Sonwane\.m2\repository\org\springframework\security\spring-security-core\6.3.1\spring-security-core-6.3.1.jar;C:\Users\Nikita Sonwane\.m2\repository\org\springframework\security\spring-security-crypto\6.3.1\spring-security-crypto-6.3.1.jar;C:\Users\Nikita Sonwane\.m2\repository\javax\xml\bind\jaxb-api\2.3.1\jaxb-api-2.3.1.jar;C:\Users\Nikita Sonwane\.m2\repository\javax\activation\javax.activation-api\1.2.0\javax.activation-api-1.2.0.jar;C:\Users\Nikita Sonwane\.m2\repository\com\sun\xml\bind\jaxb-core\4.0.5\jaxb-core-4.0.5.jar;C:\Users\Nikita Sonwane\.m2\repository\org\eclipse\angus\angus-activation\2.0.2\angus-activation-2.0.2.jar;C:\Users\Nikita Sonwane\.m2\repository\com\sun\xml\bind\jaxb-impl\4.0.5\jaxb-impl-4.0.5.jar;C:\Users\Nikita Sonwane\.m2\repository\javax\activation\activation\1.1.1\activation-1.1.1.jar
Launcher Type: SUN_STANDARD

[Global flags]
     intx CICompilerCount                          = 3                                         {product} {ergonomic}
     uint ConcGCThreads                            = 1                                         {product} {ergonomic}
     uint G1ConcRefinementThreads                  = 4                                         {product} {ergonomic}
   size_t G1HeapRegionSize                         = 1048576                                   {product} {ergonomic}
    uintx GCDrainStackTargetSize                   = 64                                        {product} {ergonomic}
   size_t InitialHeapSize                          = 130023424                                 {product} {ergonomic}
     bool ManagementServer                         = true                                      {product} {command line}
   size_t MarkStackSize                            = 4194304                                   {product} {ergonomic}
   size_t MaxHeapSize                              = 2080374784                                {product} {ergonomic}
   size_t MaxNewSize                               = 1247805440                                {product} {ergonomic}
   size_t MinHeapDeltaBytes                        = 1048576                                   {product} {ergonomic}
   size_t MinHeapSize                              = 8388608                                   {product} {ergonomic}
    uintx NonNMethodCodeHeapSize                   = 4096                                   {pd product} {ergonomic}
    uintx NonProfiledCodeHeapSize                  = 0                                      {pd product} {ergonomic}
     bool ProfileInterpreter                       = false                                  {pd product} {command line}
    uintx ProfiledCodeHeapSize                     = 0                                      {pd product} {ergonomic}
     bool ShowCodeDetailsInExceptionMessages       = true                                   {manageable} {command line}
   size_t SoftMaxHeapSize                          = 2080374784                             {manageable} {ergonomic}
     intx TieredStopAtLevel                        = 1                                         {product} {command line}
     bool UseCompressedOops                        = true                           {product lp64_product} {ergonomic}
     bool UseG1GC                                  = true                                      {product} {ergonomic}
     bool UseLargePagesIndividualAllocation        = false                                  {pd product} {ergonomic}

Logging:
Log output configuration:
 #0: stdout all=warning uptime,level,tags foldmultilines=false
 #1: stderr all=off uptime,level,tags foldmultilines=false

Environment Variables:
JAVA_HOME=C:\Program Files\Java\jdk-16.0.1
PATH=C:/Users/Nikita Sonwane/Downloads/sts-4.24.0.RELEASE//plugins/org.eclipse.justj.openjdk.hotspot.jre.full.win32.x86_64_21.0.3.v20240426-1530/jre/bin/server;C:/Users/Nikita Sonwane/Downloads/sts-4.24.0.RELEASE//plugins/org.eclipse.justj.openjdk.hotspot.jre.full.win32.x86_64_21.0.3.v20240426-1530/jre/bin;C:\Program Files\Common Files\Oracle\Java\javapath;C:\Python311\Scripts\;C:\Python311\;C:\WINDOWS\system32;C:\WINDOWS;C:\WINDOWS\System32\Wbem;C:\WINDOWS\System32\WindowsPowerShell\v1.0\;C:\WINDOWS\System32\OpenSSH\;C:\Program Files\Java\jdk-17\bin;C:\ProgramData\chocolatey\bin;C:\Program Files\nodejs\;C:\Program Files\HP\HP One Agent;C:\Users\Nikita Sonwane\AppData\Local\Microsoft\WindowsApps;C:\Users\Nikita Sonwane\AppData\Local\Programs\Microsoft VS Code\bin;C:\Users\Nikita Sonwane\AppData\Local\Programs\Git\cmd;C:\Users\Nikita Sonwane\AppData\Roaming\npm;;C:\Users\Nikita Sonwane\Downloads\sts-4.24.0.RELEASE;
USERNAME=Nikita Sonwane
OS=Windows_NT
PROCESSOR_IDENTIFIER=Intel64 Family 6 Model 140 Stepping 1, GenuineIntel
TMP=C:\Users\NIKITA~1\AppData\Local\Temp
TEMP=C:\Users\NIKITA~1\AppData\Local\Temp




Periodic native trim disabled

---------------  S Y S T E M  ---------------

OS:
 Windows 11 , 64 bit Build 22621 (10.0.22621.3527)
OS uptime: 1 days 22:36 hours

CPU: total 4 (initial active 4) (2 cores per cpu, 2 threads per core) family 6 model 140 stepping 1 microcode 0xac, cx8, cmov, fxsr, ht, mmx, 3dnowpref, sse, sse2, sse3, ssse3, sse4.1, sse4.2, popcnt, lzcnt, tsc, tscinvbit, avx, avx2, aes, erms, clmul, bmi1, bmi2, adx, avx512f, avx512dq, avx512cd, avx512bw, avx512vl, sha, fma, vzeroupper, avx512_vpopcntdq, avx512_vpclmulqdq, avx512_vaes, avx512_vnni, clflush, clflushopt, clwb, avx512_vbmi2, avx512_vbmi, rdtscp, rdpid, fsrm, gfni, avx512_bitalg, f16c, pku, cet_ibt, cet_ss, avx512_ifma
Processor Information for all 4 processors :
  Max Mhz: 2995, Current Mhz: 2995, Mhz Limit: 2995

Memory: 4k page, system-wide physical 7932M (372M free)
TotalPageFile size 17029M (AvailPageFile size 9M)
current process WorkingSet (physical memory assigned to process): 249M, peak: 249M
current process commit charge ("private bytes"): 272M, peak: 300M

vm_info: OpenJDK 64-Bit Server VM (21.0.3+9-LTS) for windows-amd64 JRE (21.0.3+9-LTS), built on 2024-04-16T00:00:00Z by "admin" with MS VC++ 17.7 (VS2022)

END.
