#
# There is insufficient memory for the Java Runtime Environment to continue.
# Native memory allocation (mmap) failed to map 22020096 bytes. Error detail: G1 virtual space
# Possible reasons:
#   The system is out of physical RAM or swap space
#   This process is running with CompressedOops enabled, and the Java Heap may be blocking the growth of the native heap
# Possible solutions:
#   Reduce memory load on the system
#   Increase physical memory or swap space
#   Check if swap backing store is full
#   Decrease Java heap size (-Xmx/-Xms)
#   Decrease number of Java threads
#   Decrease Java thread stack sizes (-Xss)
#   Set larger code cache with -XX:ReservedCodeCacheSize=
#   JVM is running with Unscaled Compressed Oops mode in which the Java heap is
#     placed in the first 4GB address space. The Java Heap base address is the
#     maximum limit for the native heap growth. Please use -XX:HeapBaseMinAddress
#     to set the Java Heap base and to place the Java Heap above 4GB virtual address.
# This output file may be truncated or incomplete.
#
#  Out of Memory Error (os_windows.cpp:3603), pid=3916, tid=7096
#
# JRE version: OpenJDK Runtime Environment Temurin-21.0.3+9 (21.0.3+9) (build 21.0.3+9-LTS)
# Java VM: OpenJDK 64-Bit Server VM Temurin-21.0.3+9 (21.0.3+9-LTS, mixed mode, emulated-client, tiered, compressed oops, compressed class ptrs, g1 gc, windows-amd64)
# No core dump will be written. Minidumps are not enabled by default on client versions of Windows
#

---------------  S U M M A R Y ------------

Command Line: -Dcom.sun.management.jmxremote -Dcom.sun.management.jmxremote.port=58518 -Dcom.sun.management.jmxremote.authenticate=false -Dcom.sun.management.jmxremote.ssl=false -Djava.rmi.server.hostname=localhost -Dspring.jmx.enabled=true -Dmanagement.endpoints.jmx.exposure.include=* -Dspring.application.admin.enabled=true -XX:TieredStopAtLevel=1 -Dspring.boot.project.name=sunbase -Dfile.encoding=UTF-8 -Dstdout.encoding=UTF-8 -Dstderr.encoding=UTF-8 -XX:+ShowCodeDetailsInExceptionMessages com.rj.sunbase.SunbaseApplication --spring.output.ansi.enabled=always

Host: 11th Gen Intel(R) Core(TM) i3-1115G4 @ 3.00GHz, 4 cores, 7G,  Windows 11 , 64 bit Build 22621 (10.0.22621.3527)
Time: Sat Jul 27 16:17:54 2024 India Standard Time elapsed time: 20.899523 seconds (0d 0h 0m 20s)

---------------  T H R E A D  ---------------

Current thread (0x000001ddfbc229e0):  VMThread "VM Thread"          [id=7096, stack(0x0000004479500000,0x0000004479600000) (1024K)]

Stack: [0x0000004479500000,0x0000004479600000]
Native frames: (J=compiled Java code, j=interpreted, Vv=VM code, C=native code)
V  [jvm.dll+0x6c8699]
V  [jvm.dll+0x8a2061]
V  [jvm.dll+0x8a458e]
V  [jvm.dll+0x8a4c63]
V  [jvm.dll+0x27e476]
V  [jvm.dll+0x6c4e15]
V  [jvm.dll+0x6b9b0a]
V  [jvm.dll+0x3523ba]
V  [jvm.dll+0x359f66]
V  [jvm.dll+0x3ab1be]
V  [jvm.dll+0x3ab468]
V  [jvm.dll+0x3265fc]
V  [jvm.dll+0x328e46]
V  [jvm.dll+0x332f66]
V  [jvm.dll+0x3684df]
V  [jvm.dll+0x8aa56f]
V  [jvm.dll+0x8ab674]
V  [jvm.dll+0x8abbb0]
V  [jvm.dll+0x8abe53]
V  [jvm.dll+0x84bf8b]
V  [jvm.dll+0x6c6dcd]
C  [ucrtbase.dll+0x29333]
C  [KERNEL32.DLL+0x1257d]
C  [ntdll.dll+0x5aa48]

VM_Operation (0x00000044790ff880): G1PauseRemark, mode: safepoint, requested by thread 0x000001ddee7f00a0


---------------  P R O C E S S  ---------------

Threads class SMR info:
_java_thread_list=0x000001dd87a197f0, length=32, elements={
0x000001ddee65c060, 0x000001dd84072040, 0x000001dd8403e750, 0x000001dd84077ee0,
0x000001dd840514f0, 0x000001dd84052f60, 0x000001dd840549d0, 0x000001dd84055430,
0x000001dd84183c80, 0x000001dd841ff840, 0x000001dd84277a60, 0x000001dd84a43ef0,
0x000001dd84abb240, 0x000001dd84adc790, 0x000001dd84b55d90, 0x000001dd84cb0300,
0x000001dd84cee870, 0x000001dd84d22990, 0x000001dd855d3550, 0x000001dd855d4f90,
0x000001dd853c3f80, 0x000001dd855d5cb0, 0x000001dd855d6340, 0x000001dd855d5620,
0x000001dd855d3be0, 0x000001dd855d4900, 0x000001dd855d69d0, 0x000001dd87fb45b0,
0x000001dd87fb6d10, 0x000001dd87fba190, 0x000001dd87fba820, 0x000001dd87fb52d0
}

Java Threads: ( => current thread )
  0x000001ddee65c060 JavaThread "main"                              [_thread_blocked, id=20356, stack(0x0000004478e00000,0x0000004478f00000) (1024K)]
  0x000001dd84072040 JavaThread "Reference Handler"          daemon [_thread_blocked, id=23212, stack(0x0000004479600000,0x0000004479700000) (1024K)]
  0x000001dd8403e750 JavaThread "Finalizer"                  daemon [_thread_blocked, id=22660, stack(0x0000004479700000,0x0000004479800000) (1024K)]
  0x000001dd84077ee0 JavaThread "Signal Dispatcher"          daemon [_thread_blocked, id=3232, stack(0x0000004479800000,0x0000004479900000) (1024K)]
  0x000001dd840514f0 JavaThread "Attach Listener"            daemon [_thread_blocked, id=20728, stack(0x0000004479900000,0x0000004479a00000) (1024K)]
  0x000001dd84052f60 JavaThread "Service Thread"             daemon [_thread_blocked, id=1520, stack(0x0000004479a00000,0x0000004479b00000) (1024K)]
  0x000001dd840549d0 JavaThread "Monitor Deflation Thread"   daemon [_thread_blocked, id=7964, stack(0x0000004479b00000,0x0000004479c00000) (1024K)]
  0x000001dd84055430 JavaThread "C1 CompilerThread0"         daemon [_thread_blocked, id=22692, stack(0x0000004479c00000,0x0000004479d00000) (1024K)]
  0x000001dd84183c80 JavaThread "Common-Cleaner"             daemon [_thread_blocked, id=12200, stack(0x0000004479d00000,0x0000004479e00000) (1024K)]
  0x000001dd841ff840 JavaThread "C1 CompilerThread1"         daemon [_thread_blocked, id=20752, stack(0x0000004479e00000,0x0000004479f00000) (1024K)]
  0x000001dd84277a60 JavaThread "Notification Thread"        daemon [_thread_blocked, id=15208, stack(0x0000004479f00000,0x000000447a000000) (1024K)]
  0x000001dd84a43ef0 JavaThread "RMI TCP Accept-0"           daemon [_thread_in_native, id=8128, stack(0x000000447a300000,0x000000447a400000) (1024K)]
  0x000001dd84abb240 JavaThread "RMI TCP Accept-58518"       daemon [_thread_in_native, id=20080, stack(0x000000447a400000,0x000000447a500000) (1024K)]
  0x000001dd84adc790 JavaThread "RMI TCP Accept-0"           daemon [_thread_in_native, id=18264, stack(0x000000447a500000,0x000000447a600000) (1024K)]
  0x000001dd84b55d90 JavaThread "RMI TCP Connection(1)-127.0.0.1" daemon [_thread_in_native, id=20436, stack(0x000000447a600000,0x000000447a700000) (1024K)]
  0x000001dd84cb0300 JavaThread "RMI Scheduler(0)"           daemon [_thread_blocked, id=18752, stack(0x000000447a700000,0x000000447a800000) (1024K)]
  0x000001dd84cee870 JavaThread "RMI TCP Connection(2)-127.0.0.1" daemon [_thread_in_native, id=22256, stack(0x000000447a800000,0x000000447a900000) (1024K)]
  0x000001dd84d22990 JavaThread "JMX server connection timeout 30" daemon [_thread_blocked, id=19432, stack(0x000000447a900000,0x000000447aa00000) (1024K)]
  0x000001dd855d3550 JavaThread "Thread-0"                          [_thread_blocked, id=9356, stack(0x000000447aa00000,0x000000447ab00000) (1024K)]
  0x000001dd855d4f90 JavaThread "restartedMain"                     [_thread_blocked, id=2440, stack(0x000000447ab00000,0x000000447ac00000) (1024K)]
  0x000001dd853c3f80 JavaThread "C1 CompilerThread2"         daemon [_thread_blocked, id=23016, stack(0x000000447ac00000,0x000000447ad00000) (1024K)]
  0x000001dd855d5cb0 JavaThread "mysql-cj-abandoned-connection-cleanup" daemon [_thread_blocked, id=14348, stack(0x000000447ad00000,0x000000447ae00000) (1024K)]
  0x000001dd855d6340 JavaThread "HikariPool-1 housekeeper"   daemon [_thread_blocked, id=12064, stack(0x000000447af00000,0x000000447b000000) (1024K)]
  0x000001dd855d5620 JavaThread "Catalina-utility-1"                [_thread_blocked, id=23168, stack(0x000000447b100000,0x000000447b200000) (1024K)]
  0x000001dd855d3be0 JavaThread "Catalina-utility-2"                [_thread_blocked, id=23152, stack(0x000000447b200000,0x000000447b300000) (1024K)]
  0x000001dd855d4900 JavaThread "container-0"                       [_thread_blocked, id=17600, stack(0x000000447b300000,0x000000447b400000) (1024K)]
  0x000001dd855d69d0 JavaThread "ClassGraph-worker-48"       daemon [_thread_blocked, id=5100, stack(0x000000447b000000,0x000000447b100000) (1024K)]
  0x000001dd87fb45b0 JavaThread "ClassGraph-worker-49"       daemon [_thread_blocked, id=12756, stack(0x000000447b400000,0x000000447b500000) (1024K)]
  0x000001dd87fb6d10 JavaThread "ClassGraph-worker-50"       daemon [_thread_blocked, id=6988, stack(0x000000447b500000,0x000000447b600000) (1024K)]
  0x000001dd87fba190 JavaThread "ClassGraph-worker-51"       daemon [_thread_blocked, id=7268, stack(0x000000447b600000,0x000000447b700000) (1024K)]
  0x000001dd87fba820 JavaThread "ClassGraph-worker-52"       daemon [_thread_blocked, id=11548, stack(0x000000447b700000,0x000000447b800000) (1024K)]
  0x000001dd87fb52d0 JavaThread "ClassGraph-worker-53"       daemon [_thread_blocked, id=9220, stack(0x000000447b800000,0x000000447b900000) (1024K)]
Total: 32

Other Threads:
=>0x000001ddfbc229e0 VMThread "VM Thread"                           [id=7096, stack(0x0000004479500000,0x0000004479600000) (1024K)]
  0x000001ddfbbbe4a0 WatcherThread "VM Periodic Task Thread"        [id=19848, stack(0x0000004479400000,0x0000004479500000) (1024K)]
  0x000001ddee7df840 WorkerThread "GC Thread#0"                     [id=18668, stack(0x0000004478f00000,0x0000004479000000) (1024K)]
  0x000001dd84a06cb0 WorkerThread "GC Thread#1"                     [id=18104, stack(0x000000447a000000,0x000000447a100000) (1024K)]
  0x000001dd84a1f830 WorkerThread "GC Thread#2"                     [id=21492, stack(0x000000447a100000,0x000000447a200000) (1024K)]
  0x000001dd84a1fbd0 WorkerThread "GC Thread#3"                     [id=3900, stack(0x000000447a200000,0x000000447a300000) (1024K)]
  0x000001ddee7f00a0 ConcurrentGCThread "G1 Main Marker"            [id=6320, stack(0x0000004479000000,0x0000004479100000) (1024K)]
  0x000001ddee7f14f0 WorkerThread "G1 Conc#0"                       [id=22564, stack(0x0000004479100000,0x0000004479200000) (1024K)]
  0x000001ddee83dd50 ConcurrentGCThread "G1 Refine#0"               [id=22644, stack(0x0000004479200000,0x0000004479300000) (1024K)]
  0x000001ddee83ea70 ConcurrentGCThread "G1 Service"                [id=10840, stack(0x0000004479300000,0x0000004479400000) (1024K)]
Total: 10

Threads with active compile tasks:
Total: 0

VM state: at safepoint (normal execution)

VM Mutex/Monitor currently owned by a thread:  ([mutex/lock_event])
[0x00007ff987832128] Threads_lock - owner thread: 0x000001ddfbc229e0
[0x00007ff987832228] Heap_lock - owner thread: 0x000001ddee7f00a0

Heap address: 0x0000000084000000, size: 1984 MB, Compressed Oops mode: 32-bit

CDS archive(s) not mapped
Compressed class space mapped at: 0x0000000100000000-0x0000000140000000, reserved size: 1073741824
Narrow klass base: 0x0000000000000000, Narrow klass shift: 3, Narrow klass range: 0x140000000

GC Precious Log:
 CardTable entry size: 512
 Card Set container configuration: InlinePtr #cards 5 size 8 Array Of Cards #cards 12 size 40 Howl #buckets 4 coarsen threshold 1843 Howl Bitmap #cards 512 size 80 coarsen threshold 460 Card regions per heap region 1 cards per card region 2048
 CPUs: 4 total, 4 available
 Memory: 7932M
 Large Page Support: Disabled
 NUMA Support: Disabled
 Compressed Oops: Enabled (32-bit)
 Heap Region Size: 1M
 Heap Min Capacity: 8M
 Heap Initial Capacity: 124M
 Heap Max Capacity: 1984M
 Pre-touch: Disabled
 Parallel Workers: 4
 Concurrent Workers: 1
 Concurrent Refinement Workers: 4
 Periodic GC: Disabled

Heap:
 garbage-first heap   total 109568K, used 80896K [0x0000000084000000, 0x0000000100000000)
  region size 1024K, 25 young (25600K), 4 survivors (4096K)
 Metaspace       used 77617K, committed 78400K, reserved 1179648K
  class space    used 10311K, committed 10688K, reserved 1048576K

Heap Regions: E=young(eden), S=young(survivor), O=old, HS=humongous(starts), HC=humongous(continues), CS=collection set, F=free, TAMS=top-at-mark-start, PB=parsable bottom
|   0|0x0000000084000000, 0x0000000084100000, 0x0000000084100000|100%|HS|  |TAMS 0x0000000084100000| PB 0x0000000084000000| Complete 
|   1|0x0000000084100000, 0x0000000084200000, 0x0000000084200000|100%| O|  |TAMS 0x0000000084200000| PB 0x0000000084200000| Untracked 
|   2|0x0000000084200000, 0x0000000084300000, 0x0000000084300000|100%| O|  |TAMS 0x0000000084300000| PB 0x0000000084300000| Untracked 
|   3|0x0000000084300000, 0x0000000084400000, 0x0000000084400000|100%| O|  |TAMS 0x0000000084400000| PB 0x0000000084400000| Untracked 
|   4|0x0000000084400000, 0x0000000084500000, 0x0000000084500000|100%| O|  |TAMS 0x0000000084500000| PB 0x0000000084500000| Untracked 
|   5|0x0000000084500000, 0x0000000084600000, 0x0000000084600000|100%| O|  |TAMS 0x0000000084600000| PB 0x0000000084600000| Untracked 
|   6|0x0000000084600000, 0x0000000084700000, 0x0000000084700000|100%| O|  |TAMS 0x0000000084700000| PB 0x0000000084700000| Updating 
|   7|0x0000000084700000, 0x0000000084800000, 0x0000000084800000|100%| O|  |TAMS 0x0000000084800000| PB 0x0000000084800000| Untracked 
|   8|0x0000000084800000, 0x0000000084900000, 0x0000000084900000|100%| O|  |TAMS 0x0000000084900000| PB 0x0000000084900000| Untracked 
|   9|0x0000000084900000, 0x0000000084a00000, 0x0000000084a00000|100%| O|  |TAMS 0x0000000084a00000| PB 0x0000000084a00000| Untracked 
|  10|0x0000000084a00000, 0x0000000084b00000, 0x0000000084b00000|100%| O|  |TAMS 0x0000000084b00000| PB 0x0000000084b00000| Updating 
|  11|0x0000000084b00000, 0x0000000084c00000, 0x0000000084c00000|100%| O|  |TAMS 0x0000000084c00000| PB 0x0000000084c00000| Untracked 
|  12|0x0000000084c00000, 0x0000000084d00000, 0x0000000084d00000|100%| O|  |TAMS 0x0000000084d00000| PB 0x0000000084d00000| Untracked 
|  13|0x0000000084d00000, 0x0000000084e00000, 0x0000000084e00000|100%| O|  |TAMS 0x0000000084e00000| PB 0x0000000084e00000| Updating 
|  14|0x0000000084e00000, 0x0000000084f00000, 0x0000000084f00000|100%| O|  |TAMS 0x0000000084f00000| PB 0x0000000084f00000| Untracked 
|  15|0x0000000084f00000, 0x0000000085000000, 0x0000000085000000|100%| O|  |TAMS 0x0000000085000000| PB 0x0000000085000000| Updating 
|  16|0x0000000085000000, 0x0000000085100000, 0x0000000085100000|100%| O|  |TAMS 0x0000000085100000| PB 0x0000000085100000| Updating 
|  17|0x0000000085100000, 0x0000000085200000, 0x0000000085200000|100%| O|  |TAMS 0x0000000085200000| PB 0x0000000085200000| Untracked 
|  18|0x0000000085200000, 0x0000000085300000, 0x0000000085300000|100%| O|  |TAMS 0x0000000085300000| PB 0x0000000085300000| Untracked 
|  19|0x0000000085300000, 0x0000000085400000, 0x0000000085400000|100%| O|  |TAMS 0x0000000085400000| PB 0x0000000085400000| Untracked 
|  20|0x0000000085400000, 0x0000000085500000, 0x0000000085500000|100%| O|  |TAMS 0x0000000085500000| PB 0x0000000085500000| Updating 
|  21|0x0000000085500000, 0x0000000085600000, 0x0000000085600000|100%| O|  |TAMS 0x0000000085600000| PB 0x0000000085600000| Untracked 
|  22|0x0000000085600000, 0x0000000085700000, 0x0000000085700000|100%| O|  |TAMS 0x0000000085600000| PB 0x0000000085600000| Untracked 
|  23|0x0000000085700000, 0x0000000085800000, 0x0000000085800000|100%| O|  |TAMS 0x0000000085800000| PB 0x0000000085800000| Untracked 
|  24|0x0000000085800000, 0x0000000085900000, 0x0000000085900000|100%| O|  |TAMS 0x0000000085900000| PB 0x0000000085900000| Updating 
|  25|0x0000000085900000, 0x0000000085a00000, 0x0000000085a00000|100%| O|  |TAMS 0x0000000085a00000| PB 0x0000000085a00000| Untracked 
|  26|0x0000000085a00000, 0x0000000085b00000, 0x0000000085b00000|100%| O|  |TAMS 0x0000000085b00000| PB 0x0000000085b00000| Untracked 
|  27|0x0000000085b00000, 0x0000000085c00000, 0x0000000085c00000|100%| O|  |TAMS 0x0000000085c00000| PB 0x0000000085c00000| Untracked 
|  28|0x0000000085c00000, 0x0000000085d00000, 0x0000000085d00000|100%| O|  |TAMS 0x0000000085d00000| PB 0x0000000085d00000| Untracked 
|  29|0x0000000085d00000, 0x0000000085e00000, 0x0000000085e00000|100%| O|  |TAMS 0x0000000085e00000| PB 0x0000000085e00000| Updating 
|  30|0x0000000085e00000, 0x0000000085f00000, 0x0000000085f00000|100%| O|  |TAMS 0x0000000085f00000| PB 0x0000000085f00000| Untracked 
|  31|0x0000000085f00000, 0x0000000086000000, 0x0000000086000000|100%| O|  |TAMS 0x0000000086000000| PB 0x0000000086000000| Updating 
|  32|0x0000000086000000, 0x0000000086100000, 0x0000000086100000|100%| O|  |TAMS 0x0000000086100000| PB 0x0000000086100000| Updating 
|  33|0x0000000086100000, 0x0000000086100000, 0x0000000086200000|  0%| F|  |TAMS 0x0000000086100000| PB 0x0000000086100000| Untracked 
|  34|0x0000000086200000, 0x0000000086200000, 0x0000000086300000|  0%| F|  |TAMS 0x0000000086200000| PB 0x0000000086200000| Untracked 
|  35|0x0000000086300000, 0x0000000086300000, 0x0000000086400000|  0%| F|  |TAMS 0x0000000086300000| PB 0x0000000086300000| Untracked 
|  36|0x0000000086400000, 0x0000000086500000, 0x0000000086500000|100%| O|  |TAMS 0x0000000086500000| PB 0x0000000086500000| Untracked 
|  37|0x0000000086500000, 0x0000000086600000, 0x0000000086600000|100%| O|  |TAMS 0x0000000086600000| PB 0x0000000086600000| Untracked 
|  38|0x0000000086600000, 0x0000000086700000, 0x0000000086700000|100%| O|  |TAMS 0x0000000086700000| PB 0x0000000086700000| Untracked 
|  39|0x0000000086700000, 0x0000000086800000, 0x0000000086800000|100%| O|  |TAMS 0x0000000086800000| PB 0x0000000086800000| Updating 
|  40|0x0000000086800000, 0x0000000086900000, 0x0000000086900000|100%| O|  |TAMS 0x0000000086900000| PB 0x0000000086900000| Updating 
|  41|0x0000000086900000, 0x0000000086a00000, 0x0000000086a00000|100%| O|  |TAMS 0x0000000086a00000| PB 0x0000000086a00000| Updating 
|  42|0x0000000086a00000, 0x0000000086b00000, 0x0000000086b00000|100%| O|  |TAMS 0x0000000086b00000| PB 0x0000000086b00000| Updating 
|  43|0x0000000086b00000, 0x0000000086c00000, 0x0000000086c00000|100%| O|  |TAMS 0x0000000086c00000| PB 0x0000000086c00000| Updating 
|  44|0x0000000086c00000, 0x0000000086d00000, 0x0000000086d00000|100%| O|  |TAMS 0x0000000086d00000| PB 0x0000000086d00000| Updating 
|  45|0x0000000086d00000, 0x0000000086e00000, 0x0000000086e00000|100%| O|  |TAMS 0x0000000086e00000| PB 0x0000000086e00000| Untracked 
|  46|0x0000000086e00000, 0x0000000086f00000, 0x0000000086f00000|100%| O|  |TAMS 0x0000000086f00000| PB 0x0000000086f00000| Updating 
|  47|0x0000000086f00000, 0x0000000087000000, 0x0000000087000000|100%| O|  |TAMS 0x0000000087000000| PB 0x0000000087000000| Updating 
|  48|0x0000000087000000, 0x0000000087100000, 0x0000000087100000|100%| O|  |TAMS 0x0000000087099d40| PB 0x0000000087099d40| Updating 
|  49|0x0000000087100000, 0x0000000087200000, 0x0000000087200000|100%| O|  |TAMS 0x0000000087100000| PB 0x0000000087100000| Untracked 
|  50|0x0000000087200000, 0x0000000087300000, 0x0000000087300000|100%| O|  |TAMS 0x0000000087200000| PB 0x0000000087200000| Untracked 
|  51|0x0000000087300000, 0x0000000087400000, 0x0000000087400000|100%| O|  |TAMS 0x0000000087300000| PB 0x0000000087300000| Untracked 
|  52|0x0000000087400000, 0x0000000087500000, 0x0000000087500000|100%| O|  |TAMS 0x0000000087400000| PB 0x0000000087400000| Untracked 
|  53|0x0000000087500000, 0x0000000087600000, 0x0000000087600000|100%| O|  |TAMS 0x0000000087500000| PB 0x0000000087500000| Untracked 
|  54|0x0000000087600000, 0x0000000087700000, 0x0000000087700000|100%| O|  |TAMS 0x0000000087600000| PB 0x0000000087600000| Untracked 
|  55|0x0000000087700000, 0x0000000087800000, 0x0000000087800000|100%| O|  |TAMS 0x0000000087700000| PB 0x0000000087700000| Untracked 
|  56|0x0000000087800000, 0x0000000087900000, 0x0000000087900000|100%|HS|  |TAMS 0x0000000087800000| PB 0x0000000087800000| Complete 
|  57|0x0000000087900000, 0x0000000087900000, 0x0000000087a00000|  0%| F|  |TAMS 0x0000000087900000| PB 0x0000000087900000| Untracked 
|  58|0x0000000087a00000, 0x0000000087a00000, 0x0000000087b00000|  0%| F|  |TAMS 0x0000000087a00000| PB 0x0000000087a00000| Untracked 
|  59|0x0000000087b00000, 0x0000000087b00000, 0x0000000087c00000|  0%| F|  |TAMS 0x0000000087b00000| PB 0x0000000087b00000| Untracked 
|  60|0x0000000087c00000, 0x0000000087c00000, 0x0000000087d00000|  0%| F|  |TAMS 0x0000000087c00000| PB 0x0000000087c00000| Untracked 
|  61|0x0000000087d00000, 0x0000000087d00000, 0x0000000087e00000|  0%| F|  |TAMS 0x0000000087d00000| PB 0x0000000087d00000| Untracked 
|  62|0x0000000087e00000, 0x0000000087e00000, 0x0000000087f00000|  0%| F|  |TAMS 0x0000000087e00000| PB 0x0000000087e00000| Untracked 
|  63|0x0000000087f00000, 0x0000000087f00000, 0x0000000088000000|  0%| F|  |TAMS 0x0000000087f00000| PB 0x0000000087f00000| Untracked 
|  64|0x0000000088000000, 0x0000000088000000, 0x0000000088100000|  0%| F|  |TAMS 0x0000000088000000| PB 0x0000000088000000| Untracked 
|  65|0x0000000088100000, 0x0000000088100000, 0x0000000088200000|  0%| F|  |TAMS 0x0000000088100000| PB 0x0000000088100000| Untracked 
|  66|0x0000000088200000, 0x0000000088200000, 0x0000000088300000|  0%| F|  |TAMS 0x0000000088200000| PB 0x0000000088200000| Untracked 
|  67|0x0000000088300000, 0x0000000088400000, 0x0000000088400000|100%| S|CS|TAMS 0x0000000088300000| PB 0x0000000088300000| Complete 
|  68|0x0000000088400000, 0x0000000088500000, 0x0000000088500000|100%| S|CS|TAMS 0x0000000088400000| PB 0x0000000088400000| Complete 
|  69|0x0000000088500000, 0x0000000088600000, 0x0000000088600000|100%| S|CS|TAMS 0x0000000088500000| PB 0x0000000088500000| Complete 
|  70|0x0000000088600000, 0x0000000088700000, 0x0000000088700000|100%| S|CS|TAMS 0x0000000088600000| PB 0x0000000088600000| Complete 
|  71|0x0000000088700000, 0x0000000088700000, 0x0000000088800000|  0%| F|  |TAMS 0x0000000088700000| PB 0x0000000088700000| Untracked 
|  72|0x0000000088800000, 0x0000000088800000, 0x0000000088900000|  0%| F|  |TAMS 0x0000000088800000| PB 0x0000000088800000| Untracked 
|  73|0x0000000088900000, 0x0000000088900000, 0x0000000088a00000|  0%| F|  |TAMS 0x0000000088900000| PB 0x0000000088900000| Untracked 
|  74|0x0000000088a00000, 0x0000000088a00000, 0x0000000088b00000|  0%| F|  |TAMS 0x0000000088a00000| PB 0x0000000088a00000| Untracked 
|  75|0x0000000088b00000, 0x0000000088c00000, 0x0000000088c00000|100%| E|  |TAMS 0x0000000088b00000| PB 0x0000000088b00000| Complete 
|  76|0x0000000088c00000, 0x0000000088d00000, 0x0000000088d00000|100%| E|CS|TAMS 0x0000000088c00000| PB 0x0000000088c00000| Complete 
|  77|0x0000000088d00000, 0x0000000088e00000, 0x0000000088e00000|100%| E|CS|TAMS 0x0000000088d00000| PB 0x0000000088d00000| Complete 
|  78|0x0000000088e00000, 0x0000000088f00000, 0x0000000088f00000|100%| E|CS|TAMS 0x0000000088e00000| PB 0x0000000088e00000| Complete 
|  79|0x0000000088f00000, 0x0000000089000000, 0x0000000089000000|100%| E|CS|TAMS 0x0000000088f00000| PB 0x0000000088f00000| Complete 
|  80|0x0000000089000000, 0x0000000089100000, 0x0000000089100000|100%| E|CS|TAMS 0x0000000089000000| PB 0x0000000089000000| Complete 
|  81|0x0000000089100000, 0x0000000089200000, 0x0000000089200000|100%| E|CS|TAMS 0x0000000089100000| PB 0x0000000089100000| Complete 
|  82|0x0000000089200000, 0x0000000089300000, 0x0000000089300000|100%| E|CS|TAMS 0x0000000089200000| PB 0x0000000089200000| Complete 
|  83|0x0000000089300000, 0x0000000089400000, 0x0000000089400000|100%| E|CS|TAMS 0x0000000089300000| PB 0x0000000089300000| Complete 
|  84|0x0000000089400000, 0x0000000089500000, 0x0000000089500000|100%| E|CS|TAMS 0x0000000089400000| PB 0x0000000089400000| Complete 
|  85|0x0000000089500000, 0x0000000089600000, 0x0000000089600000|100%| E|CS|TAMS 0x0000000089500000| PB 0x0000000089500000| Complete 
|  86|0x0000000089600000, 0x0000000089700000, 0x0000000089700000|100%| E|CS|TAMS 0x0000000089600000| PB 0x0000000089600000| Complete 
|  87|0x0000000089700000, 0x0000000089800000, 0x0000000089800000|100%| E|CS|TAMS 0x0000000089700000| PB 0x0000000089700000| Complete 
|  88|0x0000000089800000, 0x0000000089900000, 0x0000000089900000|100%| E|CS|TAMS 0x0000000089800000| PB 0x0000000089800000| Complete 
|  89|0x0000000089900000, 0x0000000089a00000, 0x0000000089a00000|100%| E|CS|TAMS 0x0000000089900000| PB 0x0000000089900000| Complete 
|  90|0x0000000089a00000, 0x0000000089b00000, 0x0000000089b00000|100%| E|  |TAMS 0x0000000089a00000| PB 0x0000000089a00000| Complete 
|  91|0x0000000089b00000, 0x0000000089b00000, 0x0000000089c00000|  0%| F|  |TAMS 0x0000000089b00000| PB 0x0000000089b00000| Untracked 
|  92|0x0000000089c00000, 0x0000000089c00000, 0x0000000089d00000|  0%| F|  |TAMS 0x0000000089c00000| PB 0x0000000089c00000| Untracked 
|  93|0x0000000089d00000, 0x0000000089d00000, 0x0000000089e00000|  0%| F|  |TAMS 0x0000000089d00000| PB 0x0000000089d00000| Untracked 
|  94|0x0000000089e00000, 0x0000000089e00000, 0x0000000089f00000|  0%| F|  |TAMS 0x0000000089e00000| PB 0x0000000089e00000| Untracked 
|  95|0x0000000089f00000, 0x0000000089f00000, 0x000000008a000000|  0%| F|  |TAMS 0x0000000089f00000| PB 0x0000000089f00000| Untracked 
|  96|0x000000008a000000, 0x000000008a000000, 0x000000008a100000|  0%| F|  |TAMS 0x000000008a000000| PB 0x000000008a000000| Untracked 
|  97|0x000000008a100000, 0x000000008a100000, 0x000000008a200000|  0%| F|  |TAMS 0x000000008a100000| PB 0x000000008a100000| Untracked 
|  98|0x000000008a200000, 0x000000008a300000, 0x000000008a300000|100%| E|CS|TAMS 0x000000008a200000| PB 0x000000008a200000| Complete 
|  99|0x000000008a300000, 0x000000008a400000, 0x000000008a400000|100%| E|CS|TAMS 0x000000008a300000| PB 0x000000008a300000| Complete 
| 100|0x000000008a400000, 0x000000008a500000, 0x000000008a500000|100%| E|CS|TAMS 0x000000008a400000| PB 0x000000008a400000| Complete 
| 101|0x000000008a500000, 0x000000008a600000, 0x000000008a600000|100%| E|CS|TAMS 0x000000008a500000| PB 0x000000008a500000| Complete 
| 123|0x000000008bb00000, 0x000000008bc00000, 0x000000008bc00000|100%| E|CS|TAMS 0x000000008bb00000| PB 0x000000008bb00000| Complete 
|1980|0x00000000ffc00000, 0x00000000ffd00000, 0x00000000ffd00000|100%| O|  |TAMS 0x00000000ffd00000| PB 0x00000000ffd00000| Updating 
|1981|0x00000000ffd00000, 0x00000000ffd00000, 0x00000000ffe00000|  0%| F|  |TAMS 0x00000000ffd00000| PB 0x00000000ffd00000| Untracked 
|1982|0x00000000ffe00000, 0x00000000ffe00000, 0x00000000fff00000|  0%| F|  |TAMS 0x00000000ffe00000| PB 0x00000000ffe00000| Untracked 
|1983|0x00000000fff00000, 0x0000000100000000, 0x0000000100000000|100%| O|  |TAMS 0x0000000100000000| PB 0x0000000100000000| Untracked 

Card table byte_map: [0x000001ddf72f0000,0x000001ddf76d0000] _byte_map_base: 0x000001ddf6ed0000

Marking Bits: (CMBitMap*) 0x000001ddee7dff40
 Bits: [0x000001ddf76d0000, 0x000001ddf95d0000)

Polling page: 0x000001ddee840000

Metaspace:

Usage:
  Non-class:     65.73 MB used.
      Class:     10.07 MB used.
       Both:     75.80 MB used.

Virtual space:
  Non-class space:      128.00 MB reserved,      66.12 MB ( 52%) committed,  2 nodes.
      Class space:        1.00 GB reserved,      10.44 MB (  1%) committed,  1 nodes.
             Both:        1.12 GB reserved,      76.56 MB (  7%) committed. 

Chunk freelists:
   Non-Class:  13.90 MB
       Class:  5.41 MB
        Both:  19.31 MB

MaxMetaspaceSize: unlimited
CompressedClassSpaceSize: 1.00 GB
Initial GC threshold: 21.00 MB
Current GC threshold: 127.44 MB
CDS: off
 - commit_granule_bytes: 65536.
 - commit_granule_words: 8192.
 - virtual_space_node_default_size: 8388608.
 - enlarge_chunks_in_place: 1.
 - use_allocation_guard: 0.


Internal statistics:

num_allocs_failed_limit: 6.
num_arena_births: 1040.
num_arena_deaths: 0.
num_vsnodes_births: 3.
num_vsnodes_deaths: 0.
num_space_committed: 1225.
num_space_uncommitted: 0.
num_chunks_returned_to_freelist: 6.
num_chunks_taken_from_freelist: 3348.
num_chunk_merges: 3.
num_chunk_splits: 2434.
num_chunks_enlarged: 1909.
num_inconsistent_stats: 0.

CodeCache: size=49152Kb used=12831Kb max_used=12900Kb free=36321Kb
 bounds [0x000001ddf3a70000, 0x000001ddf4710000, 0x000001ddf6a70000]
 total_blobs=6941 nmethods=6230 adapters=633
 compilation: enabled
              stopped_count=0, restarted_count=0
 full_count=0

Compilation events (20 events):
Event: 20.717 Thread 0x000001dd853c3f80 nmethod 6328 0x000001ddf4705b90 code [0x000001ddf4705d60, 0x000001ddf47060a0]
Event: 20.717 Thread 0x000001dd841ff840 nmethod 6327 0x000001ddf4706210 code [0x000001ddf4706440, 0x000001ddf47069d8]
Event: 20.719 Thread 0x000001dd841ff840 6329       1       java.lang.invoke.LambdaForm$MH/0x0000000100a94800::invoke (60 bytes)
Event: 20.719 Thread 0x000001dd853c3f80 6330       1       java.lang.invoke.LambdaForm$MH/0x0000000100a94c00::invoke (42 bytes)
Event: 20.719 Thread 0x000001dd841ff840 nmethod 6329 0x000001ddf4706d10 code [0x000001ddf4706ec0, 0x000001ddf47070a0]
Event: 20.720 Thread 0x000001dd853c3f80 nmethod 6330 0x000001ddf4707210 code [0x000001ddf47073e0, 0x000001ddf4707660]
Event: 20.720 Thread 0x000001dd841ff840 6331       1       nonapi.io.github.classgraph.utils.CollectionUtils::sortIfNotEmpty (15 bytes)
Event: 20.721 Thread 0x000001dd841ff840 nmethod 6331 0x000001ddf4707810 code [0x000001ddf47079c0, 0x000001ddf4707ae0]
Event: 20.725 Thread 0x000001dd841ff840 6332       1       java.lang.invoke.DirectMethodHandle$Holder::invokeStatic (15 bytes)
Event: 20.725 Thread 0x000001dd841ff840 nmethod 6332 0x000001ddf4707b90 code [0x000001ddf4707d40, 0x000001ddf4707e60]
Event: 20.745 Thread 0x000001dd841ff840 6333       1       java.util.concurrent.atomic.AtomicLong::addAndGet (14 bytes)
Event: 20.745 Thread 0x000001dd841ff840 nmethod 6333 0x000001ddf4707f90 code [0x000001ddf4708120, 0x000001ddf47081f8]
Event: 20.846 Thread 0x000001dd853c3f80 6334       1       java.nio.MappedByteBuffer::limit (6 bytes)
Event: 20.847 Thread 0x000001dd853c3f80 nmethod 6334 0x000001ddf4708290 code [0x000001ddf4708440, 0x000001ddf4708538]
Event: 20.856 Thread 0x000001dd853c3f80 6335       1       java.io.BufferedOutputStream::flushBuffer (29 bytes)
Event: 20.856 Thread 0x000001dd853c3f80 nmethod 6335 0x000001ddf4708610 code [0x000001ddf47087c0, 0x000001ddf47088d8]
Event: 20.863 Thread 0x000001dd841ff840 6336       1       java.nio.ByteBuffer::<init> (14 bytes)
Event: 20.863 Thread 0x000001dd84055430 6337       1       java.nio.MappedByteBuffer::position (6 bytes)
Event: 20.864 Thread 0x000001dd841ff840 nmethod 6336 0x000001ddf4708990 code [0x000001ddf4708b40, 0x000001ddf4708c38]
Event: 20.864 Thread 0x000001dd84055430 nmethod 6337 0x000001ddf4708d10 code [0x000001ddf4708ec0, 0x000001ddf4708fb8]

GC Heap History (20 events):
Event: 15.258 GC heap before
{Heap before GC invocations=20 (full 0):
 garbage-first heap   total 55296K, used 48369K [0x0000000084000000, 0x0000000100000000)
  region size 1024K, 23 young (23552K), 1 survivors (1024K)
 Metaspace       used 65657K, committed 66240K, reserved 1114112K
  class space    used 8585K, committed 8832K, reserved 1048576K
}
Event: 15.264 GC heap after
{Heap after GC invocations=21 (full 0):
 garbage-first heap   total 55296K, used 26539K [0x0000000084000000, 0x0000000100000000)
  region size 1024K, 2 young (2048K), 2 survivors (2048K)
 Metaspace       used 65657K, committed 66240K, reserved 1114112K
  class space    used 8585K, committed 8832K, reserved 1048576K
}
Event: 16.755 GC heap before
{Heap before GC invocations=21 (full 0):
 garbage-first heap   total 55296K, used 47019K [0x0000000084000000, 0x0000000100000000)
  region size 1024K, 23 young (23552K), 2 survivors (2048K)
 Metaspace       used 70897K, committed 71488K, reserved 1114112K
  class space    used 9265K, committed 9536K, reserved 1048576K
}
Event: 16.761 GC heap after
{Heap after GC invocations=22 (full 0):
 garbage-first heap   total 55296K, used 28017K [0x0000000084000000, 0x0000000100000000)
  region size 1024K, 3 young (3072K), 3 survivors (3072K)
 Metaspace       used 70897K, committed 71488K, reserved 1114112K
  class space    used 9265K, committed 9536K, reserved 1048576K
}
Event: 18.228 GC heap before
{Heap before GC invocations=23 (full 0):
 garbage-first heap   total 55296K, used 47473K [0x0000000084000000, 0x0000000100000000)
  region size 1024K, 22 young (22528K), 3 survivors (3072K)
 Metaspace       used 73599K, committed 74240K, reserved 1114112K
  class space    used 9769K, committed 10048K, reserved 1048576K
}
Event: 18.237 GC heap after
{Heap after GC invocations=24 (full 0):
 garbage-first heap   total 55296K, used 29759K [0x0000000084000000, 0x0000000100000000)
  region size 1024K, 3 young (3072K), 3 survivors (3072K)
 Metaspace       used 73599K, committed 74240K, reserved 1114112K
  class space    used 9769K, committed 10048K, reserved 1048576K
}
Event: 18.914 GC heap before
{Heap before GC invocations=24 (full 0):
 garbage-first heap   total 55296K, used 47167K [0x0000000084000000, 0x0000000100000000)
  region size 1024K, 20 young (20480K), 3 survivors (3072K)
 Metaspace       used 76011K, committed 76672K, reserved 1179648K
  class space    used 10100K, committed 10368K, reserved 1048576K
}
Event: 18.925 GC heap after
{Heap after GC invocations=25 (full 0):
 garbage-first heap   total 55296K, used 31290K [0x0000000084000000, 0x0000000100000000)
  region size 1024K, 2 young (2048K), 2 survivors (2048K)
 Metaspace       used 76011K, committed 76672K, reserved 1179648K
  class space    used 10100K, committed 10368K, reserved 1048576K
}
Event: 19.402 GC heap before
{Heap before GC invocations=25 (full 0):
 garbage-first heap   total 55296K, used 43578K [0x0000000084000000, 0x0000000100000000)
  region size 1024K, 16 young (16384K), 2 survivors (2048K)
 Metaspace       used 77534K, committed 78272K, reserved 1179648K
  class space    used 10291K, committed 10624K, reserved 1048576K
}
Event: 19.410 GC heap after
{Heap after GC invocations=26 (full 0):
 garbage-first heap   total 55296K, used 32641K [0x0000000084000000, 0x0000000100000000)
  region size 1024K, 3 young (3072K), 3 survivors (3072K)
 Metaspace       used 77534K, committed 78272K, reserved 1179648K
  class space    used 10291K, committed 10624K, reserved 1048576K
}
Event: 19.549 GC heap before
{Heap before GC invocations=26 (full 0):
 garbage-first heap   total 76800K, used 46977K [0x0000000084000000, 0x0000000100000000)
  region size 1024K, 17 young (17408K), 3 survivors (3072K)
 Metaspace       used 77534K, committed 78272K, reserved 1179648K
  class space    used 10291K, committed 10624K, reserved 1048576K
}
Event: 19.558 GC heap after
{Heap after GC invocations=27 (full 0):
 garbage-first heap   total 76800K, used 35937K [0x0000000084000000, 0x0000000100000000)
  region size 1024K, 3 young (3072K), 3 survivors (3072K)
 Metaspace       used 77534K, committed 78272K, reserved 1179648K
  class space    used 10291K, committed 10624K, reserved 1048576K
}
Event: 19.976 GC heap before
{Heap before GC invocations=28 (full 0):
 garbage-first heap   total 76800K, used 66657K [0x0000000084000000, 0x0000000100000000)
  region size 1024K, 33 young (33792K), 3 survivors (3072K)
 Metaspace       used 77603K, committed 78400K, reserved 1179648K
  class space    used 10308K, committed 10688K, reserved 1048576K
}
Event: 19.989 GC heap after
{Heap after GC invocations=29 (full 0):
 garbage-first heap   total 79872K, used 45667K [0x0000000084000000, 0x0000000100000000)
  region size 1024K, 5 young (5120K), 5 survivors (5120K)
 Metaspace       used 77603K, committed 78400K, reserved 1179648K
  class space    used 10308K, committed 10688K, reserved 1048576K
}
Event: 20.093 GC heap before
{Heap before GC invocations=29 (full 0):
 garbage-first heap   total 79872K, used 67171K [0x0000000084000000, 0x0000000100000000)
  region size 1024K, 26 young (26624K), 5 survivors (5120K)
 Metaspace       used 77603K, committed 78400K, reserved 1179648K
  class space    used 10308K, committed 10688K, reserved 1048576K
}
Event: 20.101 GC heap after
{Heap after GC invocations=30 (full 0):
 garbage-first heap   total 102400K, used 49664K [0x0000000084000000, 0x0000000100000000)
  region size 1024K, 4 young (4096K), 4 survivors (4096K)
 Metaspace       used 77603K, committed 78400K, reserved 1179648K
  class space    used 10308K, committed 10688K, reserved 1048576K
}
Event: 20.333 GC heap before
{Heap before GC invocations=30 (full 0):
 garbage-first heap   total 102400K, used 80384K [0x0000000084000000, 0x0000000100000000)
  region size 1024K, 34 young (34816K), 4 survivors (4096K)
 Metaspace       used 77617K, committed 78400K, reserved 1179648K
  class space    used 10311K, committed 10688K, reserved 1048576K
}
Event: 20.345 GC heap after
{Heap after GC invocations=31 (full 0):
 garbage-first heap   total 102400K, used 57959K [0x0000000084000000, 0x0000000100000000)
  region size 1024K, 5 young (5120K), 5 survivors (5120K)
 Metaspace       used 77617K, committed 78400K, reserved 1179648K
  class space    used 10311K, committed 10688K, reserved 1048576K
}
Event: 20.752 GC heap before
{Heap before GC invocations=31 (full 0):
 garbage-first heap   total 102400K, used 81511K [0x0000000084000000, 0x0000000100000000)
  region size 1024K, 30 young (30720K), 5 survivors (5120K)
 Metaspace       used 77617K, committed 78400K, reserved 1179648K
  class space    used 10311K, committed 10688K, reserved 1048576K
}
Event: 20.764 GC heap after
{Heap after GC invocations=32 (full 0):
 garbage-first heap   total 102400K, used 65536K [0x0000000084000000, 0x0000000100000000)
  region size 1024K, 4 young (4096K), 4 survivors (4096K)
 Metaspace       used 77617K, committed 78400K, reserved 1179648K
  class space    used 10311K, committed 10688K, reserved 1048576K
}

Dll operation events (11 events):
Event: 0.151 Loaded shared library C:\Users\Nikita Sonwane\Downloads\sts-4.24.0.RELEASE\plugins\org.eclipse.justj.openjdk.hotspot.jre.full.win32.x86_64_21.0.3.v20240426-1530\jre\bin\java.dll
Event: 0.225 Loaded shared library C:\Users\Nikita Sonwane\Downloads\sts-4.24.0.RELEASE\plugins\org.eclipse.justj.openjdk.hotspot.jre.full.win32.x86_64_21.0.3.v20240426-1530\jre\bin\zip.dll
Event: 0.926 Loaded shared library C:\Users\Nikita Sonwane\Downloads\sts-4.24.0.RELEASE\plugins\org.eclipse.justj.openjdk.hotspot.jre.full.win32.x86_64_21.0.3.v20240426-1530\jre\bin\jimage.dll
Event: 1.022 Loaded shared library C:\Users\Nikita Sonwane\Downloads\sts-4.24.0.RELEASE\plugins\org.eclipse.justj.openjdk.hotspot.jre.full.win32.x86_64_21.0.3.v20240426-1530\jre\bin\net.dll
Event: 1.026 Loaded shared library C:\Users\Nikita Sonwane\Downloads\sts-4.24.0.RELEASE\plugins\org.eclipse.justj.openjdk.hotspot.jre.full.win32.x86_64_21.0.3.v20240426-1530\jre\bin\nio.dll
Event: 1.039 Loaded shared library C:\Users\Nikita Sonwane\Downloads\sts-4.24.0.RELEASE\plugins\org.eclipse.justj.openjdk.hotspot.jre.full.win32.x86_64_21.0.3.v20240426-1530\jre\bin\zip.dll
Event: 1.600 Loaded shared library C:\Users\Nikita Sonwane\Downloads\sts-4.24.0.RELEASE\plugins\org.eclipse.justj.openjdk.hotspot.jre.full.win32.x86_64_21.0.3.v20240426-1530\jre\bin\management.dll
Event: 1.650 Loaded shared library C:\Users\Nikita Sonwane\Downloads\sts-4.24.0.RELEASE\plugins\org.eclipse.justj.openjdk.hotspot.jre.full.win32.x86_64_21.0.3.v20240426-1530\jre\bin\management_ext.dll
Event: 2.409 Loaded shared library C:\Users\Nikita Sonwane\Downloads\sts-4.24.0.RELEASE\plugins\org.eclipse.justj.openjdk.hotspot.jre.full.win32.x86_64_21.0.3.v20240426-1530\jre\bin\extnet.dll
Event: 6.473 Loaded shared library C:\Users\Nikita Sonwane\Downloads\sts-4.24.0.RELEASE\plugins\org.eclipse.justj.openjdk.hotspot.jre.full.win32.x86_64_21.0.3.v20240426-1530\jre\bin\sunmscapi.dll
Event: 11.349 Loaded shared library C:\Users\Nikita Sonwane\Downloads\sts-4.24.0.RELEASE\plugins\org.eclipse.justj.openjdk.hotspot.jre.full.win32.x86_64_21.0.3.v20240426-1530\jre\bin\verify.dll

Deoptimization events (6 events):
Event: 8.920 Thread 0x000001dd855d4f90 DEOPT PACKING pc=0x000001ddf41978f4 sp=0x000000447abfcb60
Event: 8.920 Thread 0x000001dd855d4f90 DEOPT UNPACKING pc=0x000001ddf3ac88e2 sp=0x000000447abfc018 mode 0
Event: 16.874 Thread 0x000001dd855d4f90 DEOPT PACKING pc=0x000001ddf4003b0c sp=0x000000447abfae20
Event: 16.874 Thread 0x000001dd855d4f90 DEOPT UNPACKING pc=0x000001ddf3ac88e2 sp=0x000000447abfa378 mode 0
Event: 17.082 Thread 0x000001dd855d4f90 DEOPT PACKING pc=0x000001ddf3ff4b81 sp=0x000000447abfc6d0
Event: 17.082 Thread 0x000001dd855d4f90 DEOPT UNPACKING pc=0x000001ddf3ac88e2 sp=0x000000447abfbbd8 mode 3

Classes loaded (20 events):
Event: 19.282 Loading class jdk/internal/loader/Loader
Event: 19.283 Loading class jdk/internal/loader/Loader done
Event: 19.283 Loading class java/lang/LayerInstantiationException
Event: 19.283 Loading class java/lang/LayerInstantiationException done
Event: 19.298 Loading class java/io/IOError
Event: 19.298 Loading class java/io/IOError done
Event: 19.324 Loading class java/util/regex/Pattern$BackRef
Event: 19.324 Loading class java/util/regex/Pattern$BackRef done
Event: 19.362 Loading class sun/nio/fs/WindowsLinkSupport
Event: 19.362 Loading class sun/nio/fs/WindowsLinkSupport done
Event: 19.384 Loading class java/nio/channels/spi/AbstractInterruptibleChannel$1
Event: 19.385 Loading class sun/nio/ch/Interruptible
Event: 19.385 Loading class sun/nio/ch/Interruptible done
Event: 19.385 Loading class java/nio/channels/spi/AbstractInterruptibleChannel$1 done
Event: 19.386 Loading class java/nio/ReadOnlyBufferException
Event: 19.386 Loading class java/nio/ReadOnlyBufferException done
Event: 19.389 Loading class java/util/zip/DataFormatException
Event: 19.389 Loading class java/util/zip/DataFormatException done
Event: 19.878 Loading class java/io/RandomAccessFile$1
Event: 19.878 Loading class java/io/RandomAccessFile$1 done

Classes unloaded (0 events):
No events

Classes redefined (0 events):
No events

Internal exceptions (20 events):
Event: 20.738 Thread 0x000001dd87fb45b0 Exception <a 'sun/nio/fs/WindowsException'{0x000000008884fdd8}> (0x000000008884fdd8) 
thrown [s\src\hotspot\share\prims\jni.cpp, line 520]
Event: 20.738 Thread 0x000001dd87fb45b0 Exception <a 'sun/nio/fs/WindowsException'{0x0000000088850108}> (0x0000000088850108) 
thrown [s\src\hotspot\share\prims\jni.cpp, line 520]
Event: 20.738 Thread 0x000001dd87fb45b0 Exception <a 'sun/nio/fs/WindowsException'{0x0000000088850ac0}> (0x0000000088850ac0) 
thrown [s\src\hotspot\share\prims\jni.cpp, line 520]
Event: 20.738 Thread 0x000001dd87fb45b0 Exception <a 'sun/nio/fs/WindowsException'{0x0000000088850e20}> (0x0000000088850e20) 
thrown [s\src\hotspot\share\prims\jni.cpp, line 520]
Event: 20.738 Thread 0x000001dd87fb45b0 Exception <a 'sun/nio/fs/WindowsException'{0x00000000888517b0}> (0x00000000888517b0) 
thrown [s\src\hotspot\share\prims\jni.cpp, line 520]
Event: 20.738 Thread 0x000001dd87fb45b0 Exception <a 'sun/nio/fs/WindowsException'{0x0000000088851ae0}> (0x0000000088851ae0) 
thrown [s\src\hotspot\share\prims\jni.cpp, line 520]
Event: 20.739 Thread 0x000001dd87fb45b0 Exception <a 'sun/nio/fs/WindowsException'{0x0000000088852448}> (0x0000000088852448) 
thrown [s\src\hotspot\share\prims\jni.cpp, line 520]
Event: 20.739 Thread 0x000001dd87fb45b0 Exception <a 'sun/nio/fs/WindowsException'{0x0000000088852748}> (0x0000000088852748) 
thrown [s\src\hotspot\share\prims\jni.cpp, line 520]
Event: 20.739 Thread 0x000001dd87fb45b0 Exception <a 'sun/nio/fs/WindowsException'{0x00000000888530c0}> (0x00000000888530c0) 
thrown [s\src\hotspot\share\prims\jni.cpp, line 520]
Event: 20.739 Thread 0x000001dd87fb45b0 Exception <a 'sun/nio/fs/WindowsException'{0x00000000888533e0}> (0x00000000888533e0) 
thrown [s\src\hotspot\share\prims\jni.cpp, line 520]
Event: 20.739 Thread 0x000001dd87fb45b0 Exception <a 'sun/nio/fs/WindowsException'{0x0000000088853d48}> (0x0000000088853d48) 
thrown [s\src\hotspot\share\prims\jni.cpp, line 520]
Event: 20.739 Thread 0x000001dd87fb45b0 Exception <a 'sun/nio/fs/WindowsException'{0x0000000088854048}> (0x0000000088854048) 
thrown [s\src\hotspot\share\prims\jni.cpp, line 520]
Event: 20.739 Thread 0x000001dd87fb45b0 Exception <a 'sun/nio/fs/WindowsException'{0x00000000888549c0}> (0x00000000888549c0) 
thrown [s\src\hotspot\share\prims\jni.cpp, line 520]
Event: 20.739 Thread 0x000001dd87fb45b0 Exception <a 'sun/nio/fs/WindowsException'{0x0000000088854ce0}> (0x0000000088854ce0) 
thrown [s\src\hotspot\share\prims\jni.cpp, line 520]
Event: 20.739 Thread 0x000001dd87fb45b0 Exception <a 'sun/nio/fs/WindowsException'{0x0000000088855670}> (0x0000000088855670) 
thrown [s\src\hotspot\share\prims\jni.cpp, line 520]
Event: 20.739 Thread 0x000001dd87fb45b0 Exception <a 'sun/nio/fs/WindowsException'{0x00000000888559a0}> (0x00000000888559a0) 
thrown [s\src\hotspot\share\prims\jni.cpp, line 520]
Event: 20.739 Thread 0x000001dd87fb45b0 Exception <a 'sun/nio/fs/WindowsException'{0x0000000088856348}> (0x0000000088856348) 
thrown [s\src\hotspot\share\prims\jni.cpp, line 520]
Event: 20.740 Thread 0x000001dd87fb45b0 Exception <a 'sun/nio/fs/WindowsException'{0x0000000088856698}> (0x0000000088856698) 
thrown [s\src\hotspot\share\prims\jni.cpp, line 520]
Event: 20.740 Thread 0x000001dd87fb45b0 Exception <a 'sun/nio/fs/WindowsException'{0x0000000088857038}> (0x0000000088857038) 
thrown [s\src\hotspot\share\prims\jni.cpp, line 520]
Event: 20.740 Thread 0x000001dd87fb45b0 Exception <a 'sun/nio/fs/WindowsException'{0x0000000088857388}> (0x0000000088857388) 
thrown [s\src\hotspot\share\prims\jni.cpp, line 520]

ZGC Phase Switch (0 events):
No events

VM Operations (20 events):
Event: 18.925 Executing VM operation: G1CollectForAllocation (G1 Evacuation Pause) done
Event: 19.394 Executing VM operation: G1TryInitiateConcMark (G1 Humongous Allocation)
Event: 19.411 Executing VM operation: G1TryInitiateConcMark (G1 Humongous Allocation) done
Event: 19.499 Executing VM operation: G1PauseRemark
Event: 19.517 Executing VM operation: G1PauseRemark done
Event: 19.548 Executing VM operation: G1CollectForAllocation (G1 Evacuation Pause)
Event: 19.558 Executing VM operation: G1CollectForAllocation (G1 Evacuation Pause) done
Event: 19.566 Executing VM operation: G1PauseCleanup
Event: 19.566 Executing VM operation: G1PauseCleanup done
Event: 19.828 Executing VM operation: HandshakeAllThreads (Deoptimize)
Event: 19.828 Executing VM operation: HandshakeAllThreads (Deoptimize) done
Event: 19.953 Executing VM operation: G1CollectForAllocation (G1 Evacuation Pause)
Event: 19.990 Executing VM operation: G1CollectForAllocation (G1 Evacuation Pause) done
Event: 20.080 Executing VM operation: G1CollectForAllocation (G1 Evacuation Pause)
Event: 20.102 Executing VM operation: G1CollectForAllocation (G1 Evacuation Pause) done
Event: 20.331 Executing VM operation: G1CollectForAllocation (G1 Evacuation Pause)
Event: 20.345 Executing VM operation: G1CollectForAllocation (G1 Evacuation Pause) done
Event: 20.750 Executing VM operation: G1TryInitiateConcMark (G1 Humongous Allocation)
Event: 20.764 Executing VM operation: G1TryInitiateConcMark (G1 Humongous Allocation) done
Event: 20.875 Executing VM operation: G1PauseRemark

Events (20 events):
Event: 20.876 Thread 0x000001dd87fb52d0 Thread added: 0x000001dd87fb52d0
Event: 20.885 Thread 0x000001ddfbc229e0 flushing nmethod 0x000001ddf45bc110
Event: 20.885 Thread 0x000001ddfbc229e0 flushing nmethod 0x000001ddf45bff10
Event: 20.885 Thread 0x000001ddfbc229e0 flushing nmethod 0x000001ddf45b0290
Event: 20.885 Thread 0x000001ddfbc229e0 flushing nmethod 0x000001ddf445e610
Event: 20.885 Thread 0x000001ddfbc229e0 flushing nmethod 0x000001ddf4390710
Event: 20.885 Thread 0x000001ddfbc229e0 flushing nmethod 0x000001ddf434d390
Event: 20.885 Thread 0x000001ddfbc229e0 flushing nmethod 0x000001ddf42e7b90
Event: 20.885 Thread 0x000001ddfbc229e0 flushing nmethod 0x000001ddf42a3390
Event: 20.885 Thread 0x000001ddfbc229e0 flushing nmethod 0x000001ddf427ae90
Event: 20.885 Thread 0x000001ddfbc229e0 flushing nmethod 0x000001ddf4286290
Event: 20.885 Thread 0x000001ddfbc229e0 flushing nmethod 0x000001ddf424c410
Event: 20.885 Thread 0x000001ddfbc229e0 flushing nmethod 0x000001ddf4193110
Event: 20.885 Thread 0x000001ddfbc229e0 flushing nmethod 0x000001ddf40f7990
Event: 20.885 Thread 0x000001ddfbc229e0 flushing nmethod 0x000001ddf4003490
Event: 20.885 Thread 0x000001ddfbc229e0 flushing nmethod 0x000001ddf3ff3310
Event: 20.885 Thread 0x000001ddfbc229e0 flushing nmethod 0x000001ddf3ef4590
Event: 20.885 Thread 0x000001ddfbc229e0 flushing nmethod 0x000001ddf3efca90
Event: 20.885 Thread 0x000001ddfbc229e0 flushing nmethod 0x000001ddf3efc590
Event: 20.885 Thread 0x000001ddfbc229e0 flushing nmethod 0x000001ddf3eefb90


Dynamic libraries:
0x00007ff694e10000 - 0x00007ff694e1e000 	C:\Users\Nikita Sonwane\Downloads\sts-4.24.0.RELEASE\plugins\org.eclipse.justj.openjdk.hotspot.jre.full.win32.x86_64_21.0.3.v20240426-1530\jre\bin\javaw.exe
0x00007ffa0bfd0000 - 0x00007ffa0c1e7000 	C:\WINDOWS\SYSTEM32\ntdll.dll
0x00007ffa0ab20000 - 0x00007ffa0abe4000 	C:\WINDOWS\System32\KERNEL32.DLL
0x00007ffa09410000 - 0x00007ffa097b7000 	C:\WINDOWS\System32\KERNELBASE.dll
0x00007ffa092f0000 - 0x00007ffa09401000 	C:\WINDOWS\System32\ucrtbase.dll
0x00007ff9d1e30000 - 0x00007ff9d1e48000 	C:\Users\Nikita Sonwane\Downloads\sts-4.24.0.RELEASE\plugins\org.eclipse.justj.openjdk.hotspot.jre.full.win32.x86_64_21.0.3.v20240426-1530\jre\bin\jli.dll
0x00007ffa0a970000 - 0x00007ffa0ab1e000 	C:\WINDOWS\System32\USER32.dll
0x00007ffa09830000 - 0x00007ffa09856000 	C:\WINDOWS\System32\win32u.dll
0x00007ffa0aea0000 - 0x00007ffa0aec9000 	C:\WINDOWS\System32\GDI32.dll
0x00007ffa09be0000 - 0x00007ffa09cf9000 	C:\WINDOWS\System32\gdi32full.dll
0x00007ffa09920000 - 0x00007ffa099ba000 	C:\WINDOWS\System32\msvcp_win.dll
0x00007ff9ade10000 - 0x00007ff9ade2b000 	C:\Users\Nikita Sonwane\Downloads\sts-4.24.0.RELEASE\plugins\org.eclipse.justj.openjdk.hotspot.jre.full.win32.x86_64_21.0.3.v20240426-1530\jre\bin\VCRUNTIME140.dll
0x00007ff9ec210000 - 0x00007ff9ec4a3000 	C:\WINDOWS\WinSxS\amd64_microsoft.windows.common-controls_6595b64144ccf1df_6.0.22621.3527_none_270e469b73872a76\COMCTL32.dll
0x00007ffa09d10000 - 0x00007ffa09db7000 	C:\WINDOWS\System32\msvcrt.dll
0x00007ffa0ac50000 - 0x00007ffa0ac81000 	C:\WINDOWS\System32\IMM32.DLL
0x00007ff9de540000 - 0x00007ff9de54c000 	C:\Users\Nikita Sonwane\Downloads\sts-4.24.0.RELEASE\plugins\org.eclipse.justj.openjdk.hotspot.jre.full.win32.x86_64_21.0.3.v20240426-1530\jre\bin\vcruntime140_1.dll
0x00007ff989970000 - 0x00007ff9899fe000 	C:\Users\Nikita Sonwane\Downloads\sts-4.24.0.RELEASE\plugins\org.eclipse.justj.openjdk.hotspot.jre.full.win32.x86_64_21.0.3.v20240426-1530\jre\bin\msvcp140.dll
0x00007ff986b90000 - 0x00007ff987912000 	C:\Users\Nikita Sonwane\Downloads\sts-4.24.0.RELEASE\plugins\org.eclipse.justj.openjdk.hotspot.jre.full.win32.x86_64_21.0.3.v20240426-1530\jre\bin\server\jvm.dll
0x00007ffa0ade0000 - 0x00007ffa0ae92000 	C:\WINDOWS\System32\ADVAPI32.dll
0x00007ffa0b4e0000 - 0x00007ffa0b588000 	C:\WINDOWS\System32\sechost.dll
0x00007ffa09bb0000 - 0x00007ffa09bd8000 	C:\WINDOWS\System32\bcrypt.dll
0x00007ffa0b610000 - 0x00007ffa0b725000 	C:\WINDOWS\System32\RPCRT4.dll
0x00007ffa0a050000 - 0x00007ffa0a0c1000 	C:\WINDOWS\System32\WS2_32.dll
0x00007ffa091b0000 - 0x00007ffa091fd000 	C:\WINDOWS\SYSTEM32\POWRPROF.dll
0x00007ff9fc1b0000 - 0x00007ff9fc1e4000 	C:\WINDOWS\SYSTEM32\WINMM.dll
0x00007ff9fdac0000 - 0x00007ff9fdaca000 	C:\WINDOWS\SYSTEM32\VERSION.dll
0x00007ffa09190000 - 0x00007ffa091a3000 	C:\WINDOWS\SYSTEM32\UMPDC.dll
0x00007ffa08310000 - 0x00007ffa08328000 	C:\WINDOWS\SYSTEM32\kernel.appcore.dll
0x00007ff9e3b50000 - 0x00007ff9e3b5a000 	C:\Users\Nikita Sonwane\Downloads\sts-4.24.0.RELEASE\plugins\org.eclipse.justj.openjdk.hotspot.jre.full.win32.x86_64_21.0.3.v20240426-1530\jre\bin\jimage.dll
0x00007ffa06d90000 - 0x00007ffa06fc2000 	C:\WINDOWS\SYSTEM32\DBGHELP.DLL
0x00007ffa0a0d0000 - 0x00007ffa0a458000 	C:\WINDOWS\System32\combase.dll
0x00007ffa0a840000 - 0x00007ffa0a917000 	C:\WINDOWS\System32\OLEAUT32.dll
0x00007ff9e0780000 - 0x00007ff9e07b2000 	C:\WINDOWS\SYSTEM32\dbgcore.DLL
0x00007ffa09b30000 - 0x00007ffa09ba9000 	C:\WINDOWS\System32\bcryptPrimitives.dll
0x00007ff9d4740000 - 0x00007ff9d475f000 	C:\Users\Nikita Sonwane\Downloads\sts-4.24.0.RELEASE\plugins\org.eclipse.justj.openjdk.hotspot.jre.full.win32.x86_64_21.0.3.v20240426-1530\jre\bin\java.dll
0x00007ff9d0670000 - 0x00007ff9d0688000 	C:\Users\Nikita Sonwane\Downloads\sts-4.24.0.RELEASE\plugins\org.eclipse.justj.openjdk.hotspot.jre.full.win32.x86_64_21.0.3.v20240426-1530\jre\bin\zip.dll
0x00007ffa0b730000 - 0x00007ffa0bf8c000 	C:\WINDOWS\System32\SHELL32.dll
0x00007ffa071f0000 - 0x00007ffa07ae6000 	C:\WINDOWS\SYSTEM32\windows.storage.dll
0x00007ffa06fd0000 - 0x00007ffa0710e000 	C:\WINDOWS\SYSTEM32\wintypes.dll
0x00007ffa09dc0000 - 0x00007ffa09eb5000 	C:\WINDOWS\System32\SHCORE.dll
0x00007ffa0abf0000 - 0x00007ffa0ac4e000 	C:\WINDOWS\System32\shlwapi.dll
0x00007ffa09220000 - 0x00007ffa09241000 	C:\WINDOWS\SYSTEM32\profapi.dll
0x00007ff9e2d70000 - 0x00007ff9e2d80000 	C:\Users\Nikita Sonwane\Downloads\sts-4.24.0.RELEASE\plugins\org.eclipse.justj.openjdk.hotspot.jre.full.win32.x86_64_21.0.3.v20240426-1530\jre\bin\net.dll
0x00007ff9fe6d0000 - 0x00007ff9fe806000 	C:\WINDOWS\SYSTEM32\WINHTTP.dll
0x00007ffa08780000 - 0x00007ffa087e9000 	C:\WINDOWS\system32\mswsock.dll
0x00007ff9c55f0000 - 0x00007ff9c5606000 	C:\Users\Nikita Sonwane\Downloads\sts-4.24.0.RELEASE\plugins\org.eclipse.justj.openjdk.hotspot.jre.full.win32.x86_64_21.0.3.v20240426-1530\jre\bin\nio.dll
0x00007ff9e29a0000 - 0x00007ff9e29aa000 	C:\Users\Nikita Sonwane\Downloads\sts-4.24.0.RELEASE\plugins\org.eclipse.justj.openjdk.hotspot.jre.full.win32.x86_64_21.0.3.v20240426-1530\jre\bin\management.dll
0x00007ff9e2990000 - 0x00007ff9e299b000 	C:\Users\Nikita Sonwane\Downloads\sts-4.24.0.RELEASE\plugins\org.eclipse.justj.openjdk.hotspot.jre.full.win32.x86_64_21.0.3.v20240426-1530\jre\bin\management_ext.dll
0x00007ffa0b4d0000 - 0x00007ffa0b4d8000 	C:\WINDOWS\System32\PSAPI.DLL
0x00007ffa01b60000 - 0x00007ffa01b77000 	C:\WINDOWS\system32\napinsp.dll
0x00007ff9fece0000 - 0x00007ff9fecfb000 	C:\WINDOWS\system32\pnrpnsp.dll
0x00007ffa07d70000 - 0x00007ffa07e68000 	C:\WINDOWS\SYSTEM32\DNSAPI.dll
0x00007ffa07d40000 - 0x00007ffa07d6d000 	C:\WINDOWS\SYSTEM32\IPHLPAPI.DLL
0x00007ffa0ac90000 - 0x00007ffa0ac99000 	C:\WINDOWS\System32\NSI.dll
0x00007ff9fdec0000 - 0x00007ff9fded1000 	C:\WINDOWS\System32\winrnr.dll
0x00007ff9fdad0000 - 0x00007ff9fdae5000 	C:\WINDOWS\system32\wshbth.dll
0x00007ff98eda0000 - 0x00007ff98edc7000 	C:\WINDOWS\system32\nlansp_c.dll
0x00007ff9fac00000 - 0x00007ff9fac0a000 	C:\Windows\System32\rasadhlp.dll
0x00007ff9fdc70000 - 0x00007ff9fdcf3000 	C:\WINDOWS\System32\fwpuclnt.dll
0x00007ffa089e0000 - 0x00007ffa089fb000 	C:\WINDOWS\SYSTEM32\CRYPTSP.dll
0x00007ffa08270000 - 0x00007ffa082a5000 	C:\WINDOWS\system32\rsaenh.dll
0x00007ffa08880000 - 0x00007ffa088a8000 	C:\WINDOWS\SYSTEM32\USERENV.dll
0x00007ffa08a00000 - 0x00007ffa08a0c000 	C:\WINDOWS\SYSTEM32\CRYPTBASE.dll
0x00007ff9ec150000 - 0x00007ff9ec159000 	C:\Users\Nikita Sonwane\Downloads\sts-4.24.0.RELEASE\plugins\org.eclipse.justj.openjdk.hotspot.jre.full.win32.x86_64_21.0.3.v20240426-1530\jre\bin\extnet.dll
0x00007ff9e0050000 - 0x00007ff9e005e000 	C:\Users\Nikita Sonwane\Downloads\sts-4.24.0.RELEASE\plugins\org.eclipse.justj.openjdk.hotspot.jre.full.win32.x86_64_21.0.3.v20240426-1530\jre\bin\sunmscapi.dll
0x00007ffa099c0000 - 0x00007ffa09b28000 	C:\WINDOWS\System32\CRYPT32.dll
0x00007ffa08ba0000 - 0x00007ffa08bce000 	C:\WINDOWS\SYSTEM32\ncrypt.dll
0x00007ffa08b60000 - 0x00007ffa08b97000 	C:\WINDOWS\SYSTEM32\NTASN1.dll
0x00007ff9e23b0000 - 0x00007ff9e23c0000 	C:\Users\Nikita Sonwane\Downloads\sts-4.24.0.RELEASE\plugins\org.eclipse.justj.openjdk.hotspot.jre.full.win32.x86_64_21.0.3.v20240426-1530\jre\bin\verify.dll

dbghelp: loaded successfully - version: 4.0.5 - missing functions: none
symbol engine: initialized successfully - sym options: 0x614 - pdb path: .;C:\Users\Nikita Sonwane\Downloads\sts-4.24.0.RELEASE\plugins\org.eclipse.justj.openjdk.hotspot.jre.full.win32.x86_64_21.0.3.v20240426-1530\jre\bin;C:\WINDOWS\SYSTEM32;C:\WINDOWS\WinSxS\amd64_microsoft.windows.common-controls_6595b64144ccf1df_6.0.22621.3527_none_270e469b73872a76;C:\Users\Nikita Sonwane\Downloads\sts-4.24.0.RELEASE\plugins\org.eclipse.justj.openjdk.hotspot.jre.full.win32.x86_64_21.0.3.v20240426-1530\jre\bin\server

VM Arguments:
jvm_args: -Dcom.sun.management.jmxremote -Dcom.sun.management.jmxremote.port=58518 -Dcom.sun.management.jmxremote.authenticate=false -Dcom.sun.management.jmxremote.ssl=false -Djava.rmi.server.hostname=localhost -Dspring.jmx.enabled=true -Dmanagement.endpoints.jmx.exposure.include=* -Dspring.application.admin.enabled=true -XX:TieredStopAtLevel=1 -Dspring.boot.project.name=sunbase -Dfile.encoding=UTF-8 -Dstdout.encoding=UTF-8 -Dstderr.encoding=UTF-8 -XX:+ShowCodeDetailsInExceptionMessages 
java_command: com.rj.sunbase.SunbaseApplication --spring.output.ansi.enabled=always
java_class_path (initial): C:\Users\Nikita Sonwane\Desktop\SUnbase_Assignment\sunbase\target\classes;C:\Users\Nikita Sonwane\.m2\repository\org\springframework\boot\spring-boot-starter-data-jpa\3.3.2\spring-boot-starter-data-jpa-3.3.2.jar;C:\Users\Nikita Sonwane\.m2\repository\org\springframework\boot\spring-boot-starter-aop\3.3.2\spring-boot-starter-aop-3.3.2.jar;C:\Users\Nikita Sonwane\.m2\repository\org\aspectj\aspectjweaver\1.9.22.1\aspectjweaver-1.9.22.1.jar;C:\Users\Nikita Sonwane\.m2\repository\org\springframework\boot\spring-boot-starter-jdbc\3.3.2\spring-boot-starter-jdbc-3.3.2.jar;C:\Users\Nikita Sonwane\.m2\repository\com\zaxxer\HikariCP\5.1.0\HikariCP-5.1.0.jar;C:\Users\Nikita Sonwane\.m2\repository\org\springframework\spring-jdbc\6.1.11\spring-jdbc-6.1.11.jar;C:\Users\Nikita Sonwane\.m2\repository\org\hibernate\orm\hibernate-core\6.5.2.Final\hibernate-core-6.5.2.Final.jar;C:\Users\Nikita Sonwane\.m2\repository\jakarta\persistence\jakarta.persistence-api\3.1.0\jakarta.persistence-api-3.1.0.jar;C:\Users\Nikita Sonwane\.m2\repository\jakarta\transaction\jakarta.transaction-api\2.0.1\jakarta.transaction-api-2.0.1.jar;C:\Users\Nikita Sonwane\.m2\repository\org\jboss\logging\jboss-logging\3.5.3.Final\jboss-logging-3.5.3.Final.jar;C:\Users\Nikita Sonwane\.m2\repository\org\hibernate\common\hibernate-commons-annotations\6.0.6.Final\hibernate-commons-annotations-6.0.6.Final.jar;C:\Users\Nikita Sonwane\.m2\repository\io\smallrye\jandex\3.1.2\jandex-3.1.2.jar;C:\Users\Nikita Sonwane\.m2\repository\com\fasterxml\classmate\1.7.0\classmate-1.7.0.jar;C:\Users\Nikita Sonwane\.m2\repository\net\bytebuddy\byte-buddy\1.14.18\byte-buddy-1.14.18.jar;C:\Users\Nikita Sonwane\.m2\repository\org\glassfish\jaxb\jaxb-runtime\4.0.5\jaxb-runtime-4.0.5.jar;C:\Users\Nikita Sonwane\.m2\repository\org\glassfish\jaxb\jaxb-core\4.0.5\jaxb-core-4.0.5.jar;C:\Users\Nikita Sonwane\.m2\repository\org\glassfish\jaxb\txw2\4.0.5\txw2-4.0.5.jar;C:\Users\Nikita Sonwane\.m2\repository\com\sun\istack\istack-commons-runtime\4.1.2\istack-commons-runtime-4.1.2.jar;C:\Users\Nikita Sonwane\.m2\repository\jakarta\inject\jakarta.inject-api\2.0.1\jakarta.inject-api-2.0.1.jar;C:\Users\Nikita Sonwane\.m2\repository\org\antlr\antlr4-runtime\4.13.0\antlr4-runtime-4.13.0.jar;C:\Users\Nikita Sonwane\.m2\repository\org\springframework\data\spring-data-jpa\3.3.2\spring-data-jpa-3.3.2.jar;C:\Users\Nikita Sonwane\.m2\repository\org\springframework\data\spring-data-commons\3.3.2\spring-data-commons-3.3.2.jar;C:\Users\Nikita Sonwane\.m2\repository\org\springframework\spring-orm\6.1.11\spring-orm-6.1.11.jar;C:\Users\Nikita Sonwane\.m2\repository\org\springframework\spring-context\6.1.11\spring-context-6.1.11.jar;C:\Users\Nikita Sonwane\.m2\repository\org\springframework\spring-tx\6.1.11\spring-tx-6.1.11.jar;C:\Users\Nikita Sonwane\.m2\repository\org\springframework\spring-beans\6.1.11\spring-beans-6.1.11.jar;C:\Users\Nikita Sonwane\.m2\repository\jakarta\annotation\jakarta.annotation-api\2.1.1\jakarta.annotation-api-2.1.1.jar;C:\Users\Nikita Sonwane\.m2\repository\org\slf4j\slf4j-api\2.0.13\slf4j-api-2.0.13.jar;C:\Users\Nikita Sonwane\.m2\repository\org\springframework\spring-aspects\6.1.11\spring-aspects-6.1.11.jar;C:\Users\Nikita Sonwane\.m2\repository\org\springframework\boot\spring-boot-starter-security\3.3.2\spring-boot-starter-security-3.3.2.jar;C:\Users\Nikita Sonwane\.m2\repository\org\springframework\boot\spring-boot-starter\3.3.2\spring-boot-starter-3.3.2.jar;C:\Users\Nikita Sonwane\.m2\repository\org\springframework\boot\spring-boot-starter-logging\3.3.2\spring-boot-starter-logging-3.3.2.jar;C:\Users\Nikita Sonwane\.m2\repository\ch\qos\logback\logback-classic\1.5.6\logback-classic-1.5.6.jar;C:\Users\Nikita Sonwane\.m2\repository\ch\qos\logback\logback-core\1.5.6\logback-core-1.5.6.jar;C:\Users\Nikita Sonwane\.m2\repository\org\apache\logging\log4j\log4j-to-slf4j\2.23.1\log4j-to-slf4j-2.23.1.jar;C:\Users\Nikita Sonwane\.m2\repository\org\apache\logging\log4j\log4j-api\2.23.1\log4j-api-2.23.1.jar;C:\Users\Nikita Sonwane\.m2\repository\org\slf4j\jul-to-slf4j\2.0.13\jul-to-slf4j-2.0.13.jar;C:\Users\Nikita Sonwane\.m2\repository\org\yaml\snakeyaml\2.2\snakeyaml-2.2.jar;C:\Users\Nikita Sonwane\.m2\repository\org\springframework\spring-aop\6.1.11\spring-aop-6.1.11.jar;C:\Users\Nikita Sonwane\.m2\repository\org\springframework\security\spring-security-config\6.3.1\spring-security-config-6.3.1.jar;C:\Users\Nikita Sonwane\.m2\repository\org\springframework\security\spring-security-web\6.3.1\spring-security-web-6.3.1.jar;C:\Users\Nikita Sonwane\.m2\repository\org\springframework\spring-expression\6.1.11\spring-expression-6.1.11.jar;C:\Users\Nikita Sonwane\.m2\repository\io\jsonwebtoken\jjwt\0.9.1\jjwt-0.9.1.jar;C:\Users\Nikita Sonwane\.m2\repository\com\fasterxml\jackson\core\jackson-databind\2.17.2\jackson-databind-2.17.2.jar;C:\Users\Nikita Sonwane\.m2\repository\com\fasterxml\jackson\core\jackson-annotations\2.17.2\jackson-annotations-2.17.2.jar;C:\Users\Nikita Sonwane\.m2\repository\com\fasterxml\jackson\core\jackson-core\2.17.2\jackson-core-2.17.2.jar;C:\Users\Nikita Sonwane\.m2\repository\org\springframework\boot\spring-boot-starter-web\3.3.2\spring-boot-starter-web-3.3.2.jar;C:\Users\Nikita Sonwane\.m2\repository\org\springframework\boot\spring-boot-starter-json\3.3.2\spring-boot-starter-json-3.3.2.jar;C:\Users\Nikita Sonwane\.m2\repository\com\fasterxml\jackson\datatype\jackson-datatype-jdk8\2.17.2\jackson-datatype-jdk8-2.17.2.jar;C:\Users\Nikita Sonwane\.m2\repository\com\fasterxml\jackson\datatype\jackson-datatype-jsr310\2.17.2\jackson-datatype-jsr310-2.17.2.jar;C:\Users\Nikita Sonwane\.m2\repository\com\fasterxml\jackson\module\jackson-module-parameter-names\2.17.2\jackson-module-parameter-names-2.17.2.jar;C:\Users\Nikita Sonwane\.m2\repository\org\springframework\boot\spring-boot-starter-tomcat\3.3.2\spring-boot-starter-tomcat-3.3.2.jar;C:\Users\Nikita Sonwane\.m2\repository\org\apache\tomcat\embed\tomcat-embed-core\10.1.26\tomcat-embed-core-10.1.26.jar;C:\Users\Nikita Sonwane\.m2\repository\org\apache\tomcat\embed\tomcat-embed-el\10.1.26\tomcat-embed-el-10.1.26.jar;C:\Users\Nikita Sonwane\.m2\repository\org\apache\tomcat\embed\tomcat-embed-websocket\10.1.26\tomcat-embed-websocket-10.1.26.jar;C:\Users\Nikita Sonwane\.m2\repository\org\springframework\spring-web\6.1.11\spring-web-6.1.11.jar;C:\Users\Nikita Sonwane\.m2\repository\io\micrometer\micrometer-observation\1.13.2\micrometer-observation-1.13.2.jar;C:\Users\Nikita Sonwane\.m2\repository\io\micrometer\micrometer-commons\1.13.2\micrometer-commons-1.13.2.jar;C:\Users\Nikita Sonwane\.m2\repository\org\springframework\spring-webmvc\6.1.11\spring-webmvc-6.1.11.jar;C:\Users\Nikita Sonwane\.m2\repository\org\springdoc\springdoc-openapi-starter-webmvc-ui\2.0.4\springdoc-openapi-starter-webmvc-ui-2.0.4.jar;C:\Users\Nikita Sonwane\.m2\repository\org\springdoc\springdoc-openapi-starter-webmvc-api\2.0.4\springdoc-openapi-starter-webmvc-api-2.0.4.jar;C:\Users\Nikita Sonwane\.m2\repository\org\springdoc\springdoc-openapi-starter-common\2.0.4\springdoc-openapi-starter-common-2.0.4.jar;C:\Users\Nikita Sonwane\.m2\repository\io\swagger\core\v3\swagger-core-jakarta\2.2.8\swagger-core-jakarta-2.2.8.jar;C:\Users\Nikita Sonwane\.m2\repository\org\apache\commons\commons-lang3\3.14.0\commons-lang3-3.14.0.jar;C:\Users\Nikita Sonwane\.m2\repository\io\swagger\core\v3\swagger-annotations-jakarta\2.2.8\swagger-annotations-jakarta-2.2.8.jar;C:\Users\Nikita Sonwane\.m2\repository\io\swagger\core\v3\swagger-models-jakarta\2.2.8\swagger-models-jakarta-2.2.8.jar;C:\Users\Nikita Sonwane\.m2\repository\jakarta\validation\jakarta.validation-api\3.0.2\jakarta.validation-api-3.0.2.jar;C:\Users\Nikita Sonwane\.m2\repository\com\fasterxml\jackson\dataformat\jackson-dataformat-yaml\2.17.2\jackson-dataformat-yaml-2.17.2.jar;C:\Users\Nikita Sonwane\.m2\repository\org\webjars\swagger-ui\4.18.1\swagger-ui-4.18.1.jar;C:\Users\Nikita Sonwane\.m2\repository\org\webjars\webjars-locator-core\0.58\webjars-locator-core-0.58.jar;C:\Users\Nikita Sonwane\.m2\repository\io\github\classgraph\classgraph\4.8.149\classgraph-4.8.149.jar;C:\Users\Nikita Sonwane\.m2\repository\org\springframework\boot\spring-boot-devtools\3.3.2\spring-boot-devtools-3.3.2.jar;C:\Users\Nikita Sonwane\.m2\repository\org\springframework\boot\spring-boot\3.3.2\spring-boot-3.3.2.jar;C:\Users\Nikita Sonwane\.m2\repository\org\springframework\boot\spring-boot-autoconfigure\3.3.2\spring-boot-autoconfigure-3.3.2.jar;C:\Users\Nikita Sonwane\.m2\repository\com\mysql\mysql-connector-j\8.3.0\mysql-connector-j-8.3.0.jar;C:\Users\Nikita Sonwane\.m2\repository\org\projectlombok\lombok\1.18.34\lombok-1.18.34.jar;C:\Users\Nikita Sonwane\.m2\repository\jakarta\xml\bind\jakarta.xml.bind-api\4.0.2\jakarta.xml.bind-api-4.0.2.jar;C:\Users\Nikita Sonwane\.m2\repository\jakarta\activation\jakarta.activation-api\2.1.3\jakarta.activation-api-2.1.3.jar;C:\Users\Nikita Sonwane\.m2\repository\org\springframework\spring-core\6.1.11\spring-core-6.1.11.jar;C:\Users\Nikita Sonwane\.m2\repository\org\springframework\spring-jcl\6.1.11\spring-jcl-6.1.11.jar;C:\Users\Nikita Sonwane\.m2\repository\org\springframework\security\spring-security-core\6.3.1\spring-security-core-6.3.1.jar;C:\Users\Nikita Sonwane\.m2\repository\org\springframework\security\spring-security-crypto\6.3.1\spring-security-crypto-6.3.1.jar;C:\Users\Nikita Sonwane\.m2\repository\javax\xml\bind\jaxb-api\2.3.1\jaxb-api-2.3.1.jar;C:\Users\Nikita Sonwane\.m2\repository\javax\activation\javax.activation-api\1.2.0\javax.activation-api-1.2.0.jar;C:\Users\Nikita Sonwane\.m2\repository\com\sun\xml\bind\jaxb-core\4.0.5\jaxb-core-4.0.5.jar;C:\Users\Nikita Sonwane\.m2\repository\org\eclipse\angus\angus-activation\2.0.2\angus-activation-2.0.2.jar;C:\Users\Nikita Sonwane\.m2\repository\com\sun\xml\bind\jaxb-impl\4.0.5\jaxb-impl-4.0.5.jar;C:\Users\Nikita Sonwane\.m2\repository\javax\activation\activation\1.1.1\activation-1.1.1.jar
Launcher Type: SUN_STANDARD

[Global flags]
     intx CICompilerCount                          = 3                                         {product} {ergonomic}
     uint ConcGCThreads                            = 1                                         {product} {ergonomic}
     uint G1ConcRefinementThreads                  = 4                                         {product} {ergonomic}
   size_t G1HeapRegionSize                         = 1048576                                   {product} {ergonomic}
    uintx GCDrainStackTargetSize                   = 64                                        {product} {ergonomic}
   size_t InitialHeapSize                          = 130023424                                 {product} {ergonomic}
     bool ManagementServer                         = true                                      {product} {command line}
   size_t MarkStackSize                            = 4194304                                   {product} {ergonomic}
   size_t MaxHeapSize                              = 2080374784                                {product} {ergonomic}
   size_t MaxNewSize                               = 1247805440                                {product} {ergonomic}
   size_t MinHeapDeltaBytes                        = 1048576                                   {product} {ergonomic}
   size_t MinHeapSize                              = 8388608                                   {product} {ergonomic}
    uintx NonNMethodCodeHeapSize                   = 4096                                   {pd product} {ergonomic}
    uintx NonProfiledCodeHeapSize                  = 0                                      {pd product} {ergonomic}
     bool ProfileInterpreter                       = false                                  {pd product} {command line}
    uintx ProfiledCodeHeapSize                     = 0                                      {pd product} {ergonomic}
     bool ShowCodeDetailsInExceptionMessages       = true                                   {manageable} {command line}
   size_t SoftMaxHeapSize                          = 2080374784                             {manageable} {ergonomic}
     intx TieredStopAtLevel                        = 1                                         {product} {command line}
     bool UseCompressedOops                        = true                           {product lp64_product} {ergonomic}
     bool UseG1GC                                  = true                                      {product} {ergonomic}
     bool UseLargePagesIndividualAllocation        = false                                  {pd product} {ergonomic}

Logging:
Log output configuration:
 #0: stdout all=warning uptime,level,tags foldmultilines=false
 #1: stderr all=off uptime,level,tags foldmultilines=false

Environment Variables:
JAVA_HOME=C:\Program Files\Java\jdk-16.0.1
PATH=C:/Users/Nikita Sonwane/Downloads/sts-4.24.0.RELEASE//plugins/org.eclipse.justj.openjdk.hotspot.jre.full.win32.x86_64_21.0.3.v20240426-1530/jre/bin/server;C:/Users/Nikita Sonwane/Downloads/sts-4.24.0.RELEASE//plugins/org.eclipse.justj.openjdk.hotspot.jre.full.win32.x86_64_21.0.3.v20240426-1530/jre/bin;C:\Program Files\Common Files\Oracle\Java\javapath;C:\Python311\Scripts\;C:\Python311\;C:\WINDOWS\system32;C:\WINDOWS;C:\WINDOWS\System32\Wbem;C:\WINDOWS\System32\WindowsPowerShell\v1.0\;C:\WINDOWS\System32\OpenSSH\;C:\Program Files\Java\jdk-17\bin;C:\ProgramData\chocolatey\bin;C:\Program Files\nodejs\;C:\Program Files\HP\HP One Agent;C:\Users\Nikita Sonwane\AppData\Local\Microsoft\WindowsApps;C:\Users\Nikita Sonwane\AppData\Local\Programs\Microsoft VS Code\bin;C:\Users\Nikita Sonwane\AppData\Local\Programs\Git\cmd;C:\Users\Nikita Sonwane\AppData\Roaming\npm;;C:\Users\Nikita Sonwane\Downloads\sts-4.24.0.RELEASE;
USERNAME=Nikita Sonwane
OS=Windows_NT
PROCESSOR_IDENTIFIER=Intel64 Family 6 Model 140 Stepping 1, GenuineIntel
TMP=C:\Users\NIKITA~1\AppData\Local\Temp
TEMP=C:\Users\NIKITA~1\AppData\Local\Temp




Periodic native trim disabled

---------------  S Y S T E M  ---------------

OS:
 Windows 11 , 64 bit Build 22621 (10.0.22621.3527)
OS uptime: 1 days 22:36 hours

CPU: total 4 (initial active 4) (2 cores per cpu, 2 threads per core) family 6 model 140 stepping 1 microcode 0xac, cx8, cmov, fxsr, ht, mmx, 3dnowpref, sse, sse2, sse3, ssse3, sse4.1, sse4.2, popcnt, lzcnt, tsc, tscinvbit, avx, avx2, aes, erms, clmul, bmi1, bmi2, adx, avx512f, avx512dq, avx512cd, avx512bw, avx512vl, sha, fma, vzeroupper, avx512_vpopcntdq, avx512_vpclmulqdq, avx512_vaes, avx512_vnni, clflush, clflushopt, clwb, avx512_vbmi2, avx512_vbmi, rdtscp, rdpid, fsrm, gfni, avx512_bitalg, f16c, pku, cet_ibt, cet_ss, avx512_ifma
Processor Information for all 4 processors :
  Max Mhz: 2995, Current Mhz: 2995, Mhz Limit: 2995

Memory: 4k page, system-wide physical 7932M (380M free)
TotalPageFile size 17029M (AvailPageFile size 11M)
current process WorkingSet (physical memory assigned to process): 275M, peak: 275M
current process commit charge ("private bytes"): 306M, peak: 327M

vm_info: OpenJDK 64-Bit Server VM (21.0.3+9-LTS) for windows-amd64 JRE (21.0.3+9-LTS), built on 2024-04-16T00:00:00Z by "admin" with MS VC++ 17.7 (VS2022)

END.
